{"/Users/nabin/Desktop/app/CIB-Management/src/config/firebase.js": {"path":"/Users/nabin/Desktop/app/CIB-Management/src/config/firebase.js","statementMap":{"0":{"start":{"line":5,"column":23},"end":{"line":13,"column":1}},"1":{"start":{"line":15,"column":12},"end":{"line":15,"column":41}},"2":{"start":{"line":16,"column":20},"end":{"line":16,"column":32}},"3":{"start":{"line":17,"column":18},"end":{"line":17,"column":35}}},"fnMap":{},"branchMap":{},"s":{"0":0,"1":0,"2":0,"3":0},"f":{},"b":{}}
,"/Users/nabin/Desktop/app/CIB-Management/src/navigation/AppNavigator.js": {"path":"/Users/nabin/Desktop/app/CIB-Management/src/navigation/AppNavigator.js","statementMap":{"0":{"start":{"line":18,"column":14},"end":{"line":18,"column":42}},"1":{"start":{"line":19,"column":12},"end":{"line":19,"column":38}},"2":{"start":{"line":21,"column":21},"end":{"line":67,"column":1}},"3":{"start":{"line":22,"column":2},"end":{"line":66,"column":4}},"4":{"start":{"line":24,"column":37},"end":{"line":56,"column":7}},"5":{"start":{"line":28,"column":10},"end":{"line":50,"column":11}},"6":{"start":{"line":30,"column":14},"end":{"line":30,"column":59}},"7":{"start":{"line":31,"column":14},"end":{"line":31,"column":20}},"8":{"start":{"line":33,"column":14},"end":{"line":33,"column":67}},"9":{"start":{"line":34,"column":14},"end":{"line":34,"column":20}},"10":{"start":{"line":36,"column":14},"end":{"line":36,"column":59}},"11":{"start":{"line":37,"column":14},"end":{"line":37,"column":20}},"12":{"start":{"line":39,"column":14},"end":{"line":39,"column":63}},"13":{"start":{"line":40,"column":14},"end":{"line":40,"column":20}},"14":{"start":{"line":42,"column":14},"end":{"line":42,"column":63}},"15":{"start":{"line":43,"column":14},"end":{"line":43,"column":20}},"16":{"start":{"line":45,"column":14},"end":{"line":45,"column":77}},"17":{"start":{"line":46,"column":14},"end":{"line":46,"column":20}},"18":{"start":{"line":48,"column":14},"end":{"line":48,"column":67}},"19":{"start":{"line":49,"column":14},"end":{"line":49,"column":20}},"20":{"start":{"line":52,"column":10},"end":{"line":52,"column":72}},"21":{"start":{"line":69,"column":21},"end":{"line":83,"column":1}},"22":{"start":{"line":70,"column":15},"end":{"line":70,"column":54}},"23":{"start":{"line":70,"column":38},"end":{"line":70,"column":53}},"24":{"start":{"line":72,"column":2},"end":{"line":82,"column":4}}},"fnMap":{"0":{"name":"(anonymous_0)","decl":{"start":{"line":21,"column":21},"end":{"line":21,"column":22}},"loc":{"start":{"line":21,"column":27},"end":{"line":67,"column":1}},"line":21},"1":{"name":"(anonymous_1)","decl":{"start":{"line":24,"column":21},"end":{"line":24,"column":22}},"loc":{"start":{"line":24,"column":37},"end":{"line":56,"column":7}},"line":24},"2":{"name":"(anonymous_2)","decl":{"start":{"line":25,"column":20},"end":{"line":25,"column":21}},"loc":{"start":{"line":25,"column":50},"end":{"line":53,"column":9}},"line":25},"3":{"name":"(anonymous_3)","decl":{"start":{"line":69,"column":21},"end":{"line":69,"column":22}},"loc":{"start":{"line":69,"column":27},"end":{"line":83,"column":1}},"line":69},"4":{"name":"(anonymous_4)","decl":{"start":{"line":70,"column":27},"end":{"line":70,"column":28}},"loc":{"start":{"line":70,"column":38},"end":{"line":70,"column":53}},"line":70}},"branchMap":{"0":{"loc":{"start":{"line":28,"column":10},"end":{"line":50,"column":11}},"type":"switch","locations":[{"start":{"line":29,"column":12},"end":{"line":31,"column":20}},{"start":{"line":32,"column":12},"end":{"line":34,"column":20}},{"start":{"line":35,"column":12},"end":{"line":37,"column":20}},{"start":{"line":38,"column":12},"end":{"line":40,"column":20}},{"start":{"line":41,"column":12},"end":{"line":43,"column":20}},{"start":{"line":44,"column":12},"end":{"line":46,"column":20}},{"start":{"line":47,"column":12},"end":{"line":49,"column":20}}],"line":28},"1":{"loc":{"start":{"line":30,"column":25},"end":{"line":30,"column":58}},"type":"cond-expr","locations":[{"start":{"line":30,"column":35},"end":{"line":30,"column":41}},{"start":{"line":30,"column":44},"end":{"line":30,"column":58}}],"line":30},"2":{"loc":{"start":{"line":33,"column":25},"end":{"line":33,"column":66}},"type":"cond-expr","locations":[{"start":{"line":33,"column":35},"end":{"line":33,"column":45}},{"start":{"line":33,"column":48},"end":{"line":33,"column":66}}],"line":33},"3":{"loc":{"start":{"line":36,"column":25},"end":{"line":36,"column":58}},"type":"cond-expr","locations":[{"start":{"line":36,"column":35},"end":{"line":36,"column":41}},{"start":{"line":36,"column":44},"end":{"line":36,"column":58}}],"line":36},"4":{"loc":{"start":{"line":39,"column":25},"end":{"line":39,"column":62}},"type":"cond-expr","locations":[{"start":{"line":39,"column":35},"end":{"line":39,"column":43}},{"start":{"line":39,"column":46},"end":{"line":39,"column":62}}],"line":39},"5":{"loc":{"start":{"line":42,"column":25},"end":{"line":42,"column":62}},"type":"cond-expr","locations":[{"start":{"line":42,"column":35},"end":{"line":42,"column":43}},{"start":{"line":42,"column":46},"end":{"line":42,"column":62}}],"line":42},"6":{"loc":{"start":{"line":45,"column":25},"end":{"line":45,"column":76}},"type":"cond-expr","locations":[{"start":{"line":45,"column":35},"end":{"line":45,"column":50}},{"start":{"line":45,"column":53},"end":{"line":45,"column":76}}],"line":45},"7":{"loc":{"start":{"line":48,"column":25},"end":{"line":48,"column":66}},"type":"cond-expr","locations":[{"start":{"line":48,"column":35},"end":{"line":48,"column":45}},{"start":{"line":48,"column":48},"end":{"line":48,"column":66}}],"line":48},"8":{"loc":{"start":{"line":75,"column":9},"end":{"line":79,"column":9}},"type":"cond-expr","locations":[{"start":{"line":76,"column":10},"end":{"line":76,"column":63}},{"start":{"line":78,"column":10},"end":{"line":78,"column":66}}],"line":75}},"s":{"0":0,"1":0,"2":0,"3":0,"4":0,"5":0,"6":0,"7":0,"8":0,"9":0,"10":0,"11":0,"12":0,"13":0,"14":0,"15":0,"16":0,"17":0,"18":0,"19":0,"20":0,"21":0,"22":0,"23":0,"24":0},"f":{"0":0,"1":0,"2":0,"3":0,"4":0},"b":{"0":[0,0,0,0,0,0,0],"1":[0,0],"2":[0,0],"3":[0,0],"4":[0,0],"5":[0,0],"6":[0,0],"7":[0,0],"8":[0,0]}}
,"/Users/nabin/Desktop/app/CIB-Management/src/redux/store.js": {"path":"/Users/nabin/Desktop/app/CIB-Management/src/redux/store.js","statementMap":{"0":{"start":{"line":8,"column":21},"end":{"line":16,"column":2}}},"fnMap":{},"branchMap":{},"s":{"0":0},"f":{},"b":{}}
,"/Users/nabin/Desktop/app/CIB-Management/src/redux/slices/authSlice.js": {"path":"/Users/nabin/Desktop/app/CIB-Management/src/redux/slices/authSlice.js","statementMap":{"0":{"start":{"line":3,"column":21},"end":{"line":7,"column":1}},"1":{"start":{"line":9,"column":18},"end":{"line":27,"column":2}},"2":{"start":{"line":14,"column":6},"end":{"line":14,"column":34}},"3":{"start":{"line":17,"column":6},"end":{"line":17,"column":39}},"4":{"start":{"line":20,"column":6},"end":{"line":20,"column":35}},"5":{"start":{"line":23,"column":6},"end":{"line":23,"column":24}},"6":{"start":{"line":24,"column":6},"end":{"line":24,"column":25}},"7":{"start":{"line":29,"column":57},"end":{"line":29,"column":74}}},"fnMap":{"0":{"name":"(anonymous_0)","decl":{"start":{"line":13,"column":13},"end":{"line":13,"column":14}},"loc":{"start":{"line":13,"column":32},"end":{"line":15,"column":5}},"line":13},"1":{"name":"(anonymous_1)","decl":{"start":{"line":16,"column":16},"end":{"line":16,"column":17}},"loc":{"start":{"line":16,"column":35},"end":{"line":18,"column":5}},"line":16},"2":{"name":"(anonymous_2)","decl":{"start":{"line":19,"column":14},"end":{"line":19,"column":15}},"loc":{"start":{"line":19,"column":33},"end":{"line":21,"column":5}},"line":19},"3":{"name":"(anonymous_3)","decl":{"start":{"line":22,"column":12},"end":{"line":22,"column":13}},"loc":{"start":{"line":22,"column":23},"end":{"line":25,"column":5}},"line":22}},"branchMap":{},"s":{"0":0,"1":0,"2":0,"3":0,"4":0,"5":0,"6":0,"7":0},"f":{"0":0,"1":0,"2":0,"3":0},"b":{}}
,"/Users/nabin/Desktop/app/CIB-Management/src/redux/slices/employeeSlice.js": {"path":"/Users/nabin/Desktop/app/CIB-Management/src/redux/slices/employeeSlice.js","statementMap":{"0":{"start":{"line":3,"column":21},"end":{"line":7,"column":1}},"1":{"start":{"line":9,"column":22},"end":{"line":39,"column":2}},"2":{"start":{"line":14,"column":6},"end":{"line":14,"column":39}},"3":{"start":{"line":17,"column":6},"end":{"line":17,"column":43}},"4":{"start":{"line":20,"column":20},"end":{"line":20,"column":82}},"5":{"start":{"line":20,"column":53},"end":{"line":20,"column":81}},"6":{"start":{"line":21,"column":6},"end":{"line":23,"column":7}},"7":{"start":{"line":22,"column":8},"end":{"line":22,"column":48}},"8":{"start":{"line":26,"column":35},"end":{"line":26,"column":49}},"9":{"start":{"line":27,"column":23},"end":{"line":27,"column":73}},"10":{"start":{"line":27,"column":51},"end":{"line":27,"column":72}},"11":{"start":{"line":28,"column":6},"end":{"line":30,"column":7}},"12":{"start":{"line":29,"column":8},"end":{"line":29,"column":34}},"13":{"start":{"line":33,"column":6},"end":{"line":33,"column":39}},"14":{"start":{"line":36,"column":6},"end":{"line":36,"column":35}},"15":{"start":{"line":48,"column":4},"end":{"line":48,"column":25}}},"fnMap":{"0":{"name":"(anonymous_0)","decl":{"start":{"line":13,"column":18},"end":{"line":13,"column":19}},"loc":{"start":{"line":13,"column":37},"end":{"line":15,"column":5}},"line":13},"1":{"name":"(anonymous_1)","decl":{"start":{"line":16,"column":17},"end":{"line":16,"column":18}},"loc":{"start":{"line":16,"column":36},"end":{"line":18,"column":5}},"line":16},"2":{"name":"(anonymous_2)","decl":{"start":{"line":19,"column":20},"end":{"line":19,"column":21}},"loc":{"start":{"line":19,"column":39},"end":{"line":24,"column":5}},"line":19},"3":{"name":"(anonymous_3)","decl":{"start":{"line":20,"column":46},"end":{"line":20,"column":47}},"loc":{"start":{"line":20,"column":53},"end":{"line":20,"column":81}},"line":20},"4":{"name":"(anonymous_4)","decl":{"start":{"line":25,"column":13},"end":{"line":25,"column":14}},"loc":{"start":{"line":25,"column":32},"end":{"line":31,"column":5}},"line":25},"5":{"name":"(anonymous_5)","decl":{"start":{"line":27,"column":44},"end":{"line":27,"column":45}},"loc":{"start":{"line":27,"column":51},"end":{"line":27,"column":72}},"line":27},"6":{"name":"(anonymous_6)","decl":{"start":{"line":32,"column":16},"end":{"line":32,"column":17}},"loc":{"start":{"line":32,"column":35},"end":{"line":34,"column":5}},"line":32},"7":{"name":"(anonymous_7)","decl":{"start":{"line":35,"column":14},"end":{"line":35,"column":15}},"loc":{"start":{"line":35,"column":33},"end":{"line":37,"column":5}},"line":35}},"branchMap":{"0":{"loc":{"start":{"line":21,"column":6},"end":{"line":23,"column":7}},"type":"if","locations":[{"start":{"line":21,"column":6},"end":{"line":23,"column":7}},{"start":{},"end":{}}],"line":21},"1":{"loc":{"start":{"line":28,"column":6},"end":{"line":30,"column":7}},"type":"if","locations":[{"start":{"line":28,"column":6},"end":{"line":30,"column":7}},{"start":{},"end":{}}],"line":28}},"s":{"0":0,"1":0,"2":0,"3":0,"4":0,"5":0,"6":0,"7":0,"8":0,"9":0,"10":0,"11":0,"12":0,"13":0,"14":0,"15":0},"f":{"0":0,"1":0,"2":0,"3":0,"4":0,"5":0,"6":0,"7":0},"b":{"0":[0,0],"1":[0,0]}}
,"/Users/nabin/Desktop/app/CIB-Management/src/redux/slices/expenseSlice.js": {"path":"/Users/nabin/Desktop/app/CIB-Management/src/redux/slices/expenseSlice.js","statementMap":{"0":{"start":{"line":3,"column":21},"end":{"line":7,"column":1}},"1":{"start":{"line":9,"column":21},"end":{"line":32,"column":2}},"2":{"start":{"line":14,"column":6},"end":{"line":14,"column":38}},"3":{"start":{"line":17,"column":6},"end":{"line":17,"column":45}},"4":{"start":{"line":20,"column":20},"end":{"line":20,"column":81}},"5":{"start":{"line":20,"column":52},"end":{"line":20,"column":80}},"6":{"start":{"line":21,"column":6},"end":{"line":23,"column":7}},"7":{"start":{"line":22,"column":8},"end":{"line":22,"column":47}},"8":{"start":{"line":26,"column":6},"end":{"line":26,"column":39}},"9":{"start":{"line":29,"column":6},"end":{"line":29,"column":35}},"10":{"start":{"line":34,"column":80},"end":{"line":34,"column":100}}},"fnMap":{"0":{"name":"(anonymous_0)","decl":{"start":{"line":13,"column":17},"end":{"line":13,"column":18}},"loc":{"start":{"line":13,"column":36},"end":{"line":15,"column":5}},"line":13},"1":{"name":"(anonymous_1)","decl":{"start":{"line":16,"column":16},"end":{"line":16,"column":17}},"loc":{"start":{"line":16,"column":35},"end":{"line":18,"column":5}},"line":16},"2":{"name":"(anonymous_2)","decl":{"start":{"line":19,"column":19},"end":{"line":19,"column":20}},"loc":{"start":{"line":19,"column":38},"end":{"line":24,"column":5}},"line":19},"3":{"name":"(anonymous_3)","decl":{"start":{"line":20,"column":45},"end":{"line":20,"column":46}},"loc":{"start":{"line":20,"column":52},"end":{"line":20,"column":80}},"line":20},"4":{"name":"(anonymous_4)","decl":{"start":{"line":25,"column":16},"end":{"line":25,"column":17}},"loc":{"start":{"line":25,"column":35},"end":{"line":27,"column":5}},"line":25},"5":{"name":"(anonymous_5)","decl":{"start":{"line":28,"column":14},"end":{"line":28,"column":15}},"loc":{"start":{"line":28,"column":33},"end":{"line":30,"column":5}},"line":28}},"branchMap":{"0":{"loc":{"start":{"line":21,"column":6},"end":{"line":23,"column":7}},"type":"if","locations":[{"start":{"line":21,"column":6},"end":{"line":23,"column":7}},{"start":{},"end":{}}],"line":21}},"s":{"0":0,"1":0,"2":0,"3":0,"4":0,"5":0,"6":0,"7":0,"8":0,"9":0,"10":0},"f":{"0":0,"1":0,"2":0,"3":0,"4":0,"5":0},"b":{"0":[0,0]}}
,"/Users/nabin/Desktop/app/CIB-Management/src/redux/slices/productionSlice.js": {"path":"/Users/nabin/Desktop/app/CIB-Management/src/redux/slices/productionSlice.js","statementMap":{"0":{"start":{"line":3,"column":21},"end":{"line":7,"column":1}},"1":{"start":{"line":9,"column":24},"end":{"line":26,"column":2}},"2":{"start":{"line":14,"column":6},"end":{"line":14,"column":41}},"3":{"start":{"line":17,"column":6},"end":{"line":17,"column":48}},"4":{"start":{"line":20,"column":6},"end":{"line":20,"column":39}},"5":{"start":{"line":23,"column":6},"end":{"line":23,"column":35}},"6":{"start":{"line":28,"column":71},"end":{"line":28,"column":94}}},"fnMap":{"0":{"name":"(anonymous_0)","decl":{"start":{"line":13,"column":20},"end":{"line":13,"column":21}},"loc":{"start":{"line":13,"column":39},"end":{"line":15,"column":5}},"line":13},"1":{"name":"(anonymous_1)","decl":{"start":{"line":16,"column":19},"end":{"line":16,"column":20}},"loc":{"start":{"line":16,"column":38},"end":{"line":18,"column":5}},"line":16},"2":{"name":"(anonymous_2)","decl":{"start":{"line":19,"column":16},"end":{"line":19,"column":17}},"loc":{"start":{"line":19,"column":35},"end":{"line":21,"column":5}},"line":19},"3":{"name":"(anonymous_3)","decl":{"start":{"line":22,"column":14},"end":{"line":22,"column":15}},"loc":{"start":{"line":22,"column":33},"end":{"line":24,"column":5}},"line":22}},"branchMap":{},"s":{"0":0,"1":0,"2":0,"3":0,"4":0,"5":0,"6":0},"f":{"0":0,"1":0,"2":0,"3":0},"b":{}}
,"/Users/nabin/Desktop/app/CIB-Management/src/redux/slices/revenueSlice.js": {"path":"/Users/nabin/Desktop/app/CIB-Management/src/redux/slices/revenueSlice.js","statementMap":{"0":{"start":{"line":3,"column":21},"end":{"line":7,"column":1}},"1":{"start":{"line":9,"column":21},"end":{"line":32,"column":2}},"2":{"start":{"line":14,"column":6},"end":{"line":14,"column":38}},"3":{"start":{"line":17,"column":6},"end":{"line":17,"column":45}},"4":{"start":{"line":20,"column":20},"end":{"line":20,"column":81}},"5":{"start":{"line":20,"column":52},"end":{"line":20,"column":80}},"6":{"start":{"line":21,"column":6},"end":{"line":23,"column":7}},"7":{"start":{"line":22,"column":8},"end":{"line":22,"column":47}},"8":{"start":{"line":26,"column":6},"end":{"line":26,"column":39}},"9":{"start":{"line":29,"column":6},"end":{"line":29,"column":35}},"10":{"start":{"line":34,"column":80},"end":{"line":34,"column":100}}},"fnMap":{"0":{"name":"(anonymous_0)","decl":{"start":{"line":13,"column":17},"end":{"line":13,"column":18}},"loc":{"start":{"line":13,"column":36},"end":{"line":15,"column":5}},"line":13},"1":{"name":"(anonymous_1)","decl":{"start":{"line":16,"column":16},"end":{"line":16,"column":17}},"loc":{"start":{"line":16,"column":35},"end":{"line":18,"column":5}},"line":16},"2":{"name":"(anonymous_2)","decl":{"start":{"line":19,"column":19},"end":{"line":19,"column":20}},"loc":{"start":{"line":19,"column":38},"end":{"line":24,"column":5}},"line":19},"3":{"name":"(anonymous_3)","decl":{"start":{"line":20,"column":45},"end":{"line":20,"column":46}},"loc":{"start":{"line":20,"column":52},"end":{"line":20,"column":80}},"line":20},"4":{"name":"(anonymous_4)","decl":{"start":{"line":25,"column":16},"end":{"line":25,"column":17}},"loc":{"start":{"line":25,"column":35},"end":{"line":27,"column":5}},"line":25},"5":{"name":"(anonymous_5)","decl":{"start":{"line":28,"column":14},"end":{"line":28,"column":15}},"loc":{"start":{"line":28,"column":33},"end":{"line":30,"column":5}},"line":28}},"branchMap":{"0":{"loc":{"start":{"line":21,"column":6},"end":{"line":23,"column":7}},"type":"if","locations":[{"start":{"line":21,"column":6},"end":{"line":23,"column":7}},{"start":{},"end":{}}],"line":21}},"s":{"0":0,"1":0,"2":0,"3":0,"4":0,"5":0,"6":0,"7":0,"8":0,"9":0,"10":0},"f":{"0":0,"1":0,"2":0,"3":0,"4":0,"5":0},"b":{"0":[0,0]}}
,"/Users/nabin/Desktop/app/CIB-Management/src/screens/DashboardScreen.js": {"path":"/Users/nabin/Desktop/app/CIB-Management/src/screens/DashboardScreen.js","statementMap":{"0":{"start":{"line":7,"column":20},"end":{"line":7,"column":50}},"1":{"start":{"line":9,"column":24},"end":{"line":124,"column":1}},"2":{"start":{"line":11,"column":22},"end":{"line":16,"column":3}},"3":{"start":{"line":18,"column":22},"end":{"line":40,"column":3}},"4":{"start":{"line":42,"column":2},"end":{"line":123,"column":4}},"5":{"start":{"line":86,"column":38},"end":{"line":86,"column":65}},"6":{"start":{"line":102,"column":38},"end":{"line":102,"column":65}},"7":{"start":{"line":112,"column":76},"end":{"line":112,"column":109}},"8":{"start":{"line":115,"column":76},"end":{"line":115,"column":106}},"9":{"start":{"line":118,"column":76},"end":{"line":118,"column":107}},"10":{"start":{"line":126,"column":15},"end":{"line":153,"column":2}}},"fnMap":{"0":{"name":"(anonymous_0)","decl":{"start":{"line":9,"column":24},"end":{"line":9,"column":25}},"loc":{"start":{"line":9,"column":44},"end":{"line":124,"column":1}},"line":9},"1":{"name":"(anonymous_1)","decl":{"start":{"line":86,"column":21},"end":{"line":86,"column":22}},"loc":{"start":{"line":86,"column":38},"end":{"line":86,"column":65}},"line":86},"2":{"name":"(anonymous_2)","decl":{"start":{"line":102,"column":21},"end":{"line":102,"column":22}},"loc":{"start":{"line":102,"column":38},"end":{"line":102,"column":65}},"line":102},"3":{"name":"(anonymous_3)","decl":{"start":{"line":112,"column":70},"end":{"line":112,"column":71}},"loc":{"start":{"line":112,"column":76},"end":{"line":112,"column":109}},"line":112},"4":{"name":"(anonymous_4)","decl":{"start":{"line":115,"column":70},"end":{"line":115,"column":71}},"loc":{"start":{"line":115,"column":76},"end":{"line":115,"column":106}},"line":115},"5":{"name":"(anonymous_5)","decl":{"start":{"line":118,"column":70},"end":{"line":118,"column":71}},"loc":{"start":{"line":118,"column":76},"end":{"line":118,"column":107}},"line":118}},"branchMap":{"0":{"loc":{"start":{"line":86,"column":22},"end":{"line":86,"column":33}},"type":"default-arg","locations":[{"start":{"line":86,"column":32},"end":{"line":86,"column":33}}],"line":86},"1":{"loc":{"start":{"line":102,"column":22},"end":{"line":102,"column":33}},"type":"default-arg","locations":[{"start":{"line":102,"column":32},"end":{"line":102,"column":33}}],"line":102}},"s":{"0":0,"1":0,"2":0,"3":0,"4":0,"5":0,"6":0,"7":0,"8":0,"9":0,"10":0},"f":{"0":0,"1":0,"2":0,"3":0,"4":0,"5":0},"b":{"0":[0],"1":[0]}}
,"/Users/nabin/Desktop/app/CIB-Management/src/screens/EmployeeScreen.js": {"path":"/Users/nabin/Desktop/app/CIB-Management/src/screens/EmployeeScreen.js","statementMap":{"0":{"start":{"line":6,"column":23},"end":{"line":243,"column":1}},"1":{"start":{"line":7,"column":32},"end":{"line":7,"column":47}},"2":{"start":{"line":8,"column":50},"end":{"line":8,"column":65}},"3":{"start":{"line":9,"column":50},"end":{"line":9,"column":64}},"4":{"start":{"line":12,"column":26},"end":{"line":12,"column":38}},"5":{"start":{"line":13,"column":40},"end":{"line":13,"column":52}},"6":{"start":{"line":14,"column":30},"end":{"line":14,"column":42}},"7":{"start":{"line":15,"column":40},"end":{"line":15,"column":60}},"8":{"start":{"line":16,"column":46},"end":{"line":16,"column":61}},"9":{"start":{"line":19,"column":38},"end":{"line":19,"column":50}},"10":{"start":{"line":20,"column":38},"end":{"line":20,"column":50}},"11":{"start":{"line":23,"column":42},"end":{"line":42,"column":4}},"12":{"start":{"line":44,"column":20},"end":{"line":56,"column":3}},"13":{"start":{"line":45,"column":24},"end":{"line":52,"column":5}},"14":{"start":{"line":53,"column":4},"end":{"line":53,"column":52}},"15":{"start":{"line":54,"column":4},"end":{"line":54,"column":22}},"16":{"start":{"line":55,"column":4},"end":{"line":55,"column":16}},"17":{"start":{"line":58,"column":24},"end":{"line":76,"column":3}},"18":{"start":{"line":59,"column":29},"end":{"line":72,"column":6}},"19":{"start":{"line":60,"column":6},"end":{"line":70,"column":7}},"20":{"start":{"line":61,"column":8},"end":{"line":69,"column":10}},"21":{"start":{"line":71,"column":6},"end":{"line":71,"column":17}},"22":{"start":{"line":73,"column":4},"end":{"line":73,"column":38}},"23":{"start":{"line":74,"column":4},"end":{"line":74,"column":31}},"24":{"start":{"line":75,"column":4},"end":{"line":75,"column":20}},"25":{"start":{"line":78,"column":20},"end":{"line":83,"column":3}},"26":{"start":{"line":79,"column":4},"end":{"line":79,"column":16}},"27":{"start":{"line":80,"column":4},"end":{"line":80,"column":23}},"28":{"start":{"line":81,"column":4},"end":{"line":81,"column":18}},"29":{"start":{"line":82,"column":4},"end":{"line":82,"column":31}},"30":{"start":{"line":85,"column":24},"end":{"line":89,"column":3}},"31":{"start":{"line":86,"column":4},"end":{"line":86,"column":22}},"32":{"start":{"line":87,"column":4},"end":{"line":87,"column":22}},"33":{"start":{"line":88,"column":4},"end":{"line":88,"column":30}},"34":{"start":{"line":91,"column":23},"end":{"line":96,"column":3}},"35":{"start":{"line":92,"column":4},"end":{"line":92,"column":29}},"36":{"start":{"line":93,"column":4},"end":{"line":95,"column":5}},"37":{"start":{"line":94,"column":6},"end":{"line":94,"column":35}},"38":{"start":{"line":98,"column":24},"end":{"line":101,"column":3}},"39":{"start":{"line":99,"column":4},"end":{"line":99,"column":34}},"40":{"start":{"line":100,"column":4},"end":{"line":100,"column":30}},"41":{"start":{"line":103,"column":2},"end":{"line":242,"column":4}},"42":{"start":{"line":107,"column":23},"end":{"line":107,"column":39}},"43":{"start":{"line":115,"column":10},"end":{"line":143,"column":17}},"44":{"start":{"line":121,"column":29},"end":{"line":121,"column":62}},"45":{"start":{"line":128,"column":16},"end":{"line":132,"column":18}},"46":{"start":{"line":137,"column":31},"end":{"line":137,"column":54}},"47":{"start":{"line":151,"column":27},"end":{"line":151,"column":44}},"48":{"start":{"line":181,"column":33},"end":{"line":181,"column":56}},"49":{"start":{"line":194,"column":35},"end":{"line":194,"column":52}},"50":{"start":{"line":208,"column":27},"end":{"line":208,"column":53}},"51":{"start":{"line":232,"column":35},"end":{"line":232,"column":61}},"52":{"start":{"line":245,"column":15},"end":{"line":286,"column":2}}},"fnMap":{"0":{"name":"(anonymous_0)","decl":{"start":{"line":6,"column":23},"end":{"line":6,"column":24}},"loc":{"start":{"line":6,"column":29},"end":{"line":243,"column":1}},"line":6},"1":{"name":"(anonymous_1)","decl":{"start":{"line":44,"column":20},"end":{"line":44,"column":21}},"loc":{"start":{"line":44,"column":26},"end":{"line":56,"column":3}},"line":44},"2":{"name":"(anonymous_2)","decl":{"start":{"line":58,"column":24},"end":{"line":58,"column":25}},"loc":{"start":{"line":58,"column":30},"end":{"line":76,"column":3}},"line":58},"3":{"name":"(anonymous_3)","decl":{"start":{"line":59,"column":46},"end":{"line":59,"column":47}},"loc":{"start":{"line":59,"column":53},"end":{"line":72,"column":5}},"line":59},"4":{"name":"(anonymous_4)","decl":{"start":{"line":78,"column":20},"end":{"line":78,"column":21}},"loc":{"start":{"line":78,"column":26},"end":{"line":83,"column":3}},"line":78},"5":{"name":"(anonymous_5)","decl":{"start":{"line":85,"column":24},"end":{"line":85,"column":25}},"loc":{"start":{"line":85,"column":30},"end":{"line":89,"column":3}},"line":85},"6":{"name":"(anonymous_6)","decl":{"start":{"line":91,"column":23},"end":{"line":91,"column":24}},"loc":{"start":{"line":91,"column":48},"end":{"line":96,"column":3}},"line":91},"7":{"name":"(anonymous_7)","decl":{"start":{"line":98,"column":24},"end":{"line":98,"column":25}},"loc":{"start":{"line":98,"column":38},"end":{"line":101,"column":3}},"line":98},"8":{"name":"(anonymous_8)","decl":{"start":{"line":107,"column":17},"end":{"line":107,"column":18}},"loc":{"start":{"line":107,"column":23},"end":{"line":107,"column":39}},"line":107},"9":{"name":"(anonymous_9)","decl":{"start":{"line":114,"column":26},"end":{"line":114,"column":27}},"loc":{"start":{"line":115,"column":10},"end":{"line":143,"column":17}},"line":115},"10":{"name":"(anonymous_10)","decl":{"start":{"line":121,"column":23},"end":{"line":121,"column":24}},"loc":{"start":{"line":121,"column":29},"end":{"line":121,"column":62}},"line":121},"11":{"name":"(anonymous_11)","decl":{"start":{"line":127,"column":34},"end":{"line":127,"column":35}},"loc":{"start":{"line":128,"column":16},"end":{"line":132,"column":18}},"line":128},"12":{"name":"(anonymous_12)","decl":{"start":{"line":137,"column":25},"end":{"line":137,"column":26}},"loc":{"start":{"line":137,"column":31},"end":{"line":137,"column":54}},"line":137},"13":{"name":"(anonymous_13)","decl":{"start":{"line":151,"column":21},"end":{"line":151,"column":22}},"loc":{"start":{"line":151,"column":27},"end":{"line":151,"column":44}},"line":151},"14":{"name":"(anonymous_14)","decl":{"start":{"line":181,"column":27},"end":{"line":181,"column":28}},"loc":{"start":{"line":181,"column":33},"end":{"line":181,"column":56}},"line":181},"15":{"name":"(anonymous_15)","decl":{"start":{"line":194,"column":29},"end":{"line":194,"column":30}},"loc":{"start":{"line":194,"column":35},"end":{"line":194,"column":52}},"line":194},"16":{"name":"(anonymous_16)","decl":{"start":{"line":208,"column":21},"end":{"line":208,"column":22}},"loc":{"start":{"line":208,"column":27},"end":{"line":208,"column":53}},"line":208},"17":{"name":"(anonymous_17)","decl":{"start":{"line":232,"column":29},"end":{"line":232,"column":30}},"loc":{"start":{"line":232,"column":35},"end":{"line":232,"column":61}},"line":232}},"branchMap":{"0":{"loc":{"start":{"line":60,"column":6},"end":{"line":70,"column":7}},"type":"if","locations":[{"start":{"line":60,"column":6},"end":{"line":70,"column":7}},{"start":{},"end":{}}],"line":60},"1":{"loc":{"start":{"line":93,"column":4},"end":{"line":95,"column":5}},"type":"if","locations":[{"start":{"line":93,"column":4},"end":{"line":95,"column":5}},{"start":{},"end":{}}],"line":93},"2":{"loc":{"start":{"line":185,"column":11},"end":{"line":191,"column":11}},"type":"binary-expr","locations":[{"start":{"line":185,"column":11},"end":{"line":185,"column":25}},{"start":{"line":186,"column":12},"end":{"line":190,"column":14}}],"line":185}},"s":{"0":0,"1":0,"2":0,"3":0,"4":0,"5":0,"6":0,"7":0,"8":0,"9":0,"10":0,"11":0,"12":0,"13":0,"14":0,"15":0,"16":0,"17":0,"18":0,"19":0,"20":0,"21":0,"22":0,"23":0,"24":0,"25":0,"26":0,"27":0,"28":0,"29":0,"30":0,"31":0,"32":0,"33":0,"34":0,"35":0,"36":0,"37":0,"38":0,"39":0,"40":0,"41":0,"42":0,"43":0,"44":0,"45":0,"46":0,"47":0,"48":0,"49":0,"50":0,"51":0,"52":0},"f":{"0":0,"1":0,"2":0,"3":0,"4":0,"5":0,"6":0,"7":0,"8":0,"9":0,"10":0,"11":0,"12":0,"13":0,"14":0,"15":0,"16":0,"17":0},"b":{"0":[0,0],"1":[0,0],"2":[0,0]}}
,"/Users/nabin/Desktop/app/CIB-Management/src/screens/ExpenseScreen.js": {"path":"/Users/nabin/Desktop/app/CIB-Management/src/screens/ExpenseScreen.js","statementMap":{"0":{"start":{"line":8,"column":20},"end":{"line":8,"column":50}},"1":{"start":{"line":10,"column":27},"end":{"line":17,"column":1}},"2":{"start":{"line":19,"column":22},"end":{"line":198,"column":1}},"3":{"start":{"line":20,"column":32},"end":{"line":20,"column":47}},"4":{"start":{"line":21,"column":26},"end":{"line":21,"column":46}},"5":{"start":{"line":22,"column":34},"end":{"line":22,"column":59}},"6":{"start":{"line":23,"column":40},"end":{"line":23,"column":52}},"7":{"start":{"line":24,"column":30},"end":{"line":24,"column":42}},"8":{"start":{"line":25,"column":46},"end":{"line":25,"column":61}},"9":{"start":{"line":28,"column":40},"end":{"line":32,"column":4}},"10":{"start":{"line":35,"column":29},"end":{"line":49,"column":3}},"11":{"start":{"line":36,"column":27},"end":{"line":36,"column":29}},"12":{"start":{"line":37,"column":4},"end":{"line":39,"column":7}},"13":{"start":{"line":38,"column":6},"end":{"line":38,"column":98}},"14":{"start":{"line":41,"column":19},"end":{"line":41,"column":85}},"15":{"start":{"line":42,"column":4},"end":{"line":48,"column":8}},"16":{"start":{"line":42,"column":74},"end":{"line":48,"column":5}},"17":{"start":{"line":51,"column":20},"end":{"line":62,"column":3}},"18":{"start":{"line":52,"column":23},"end":{"line":58,"column":5}},"19":{"start":{"line":59,"column":4},"end":{"line":59,"column":49}},"20":{"start":{"line":60,"column":4},"end":{"line":60,"column":22}},"21":{"start":{"line":61,"column":4},"end":{"line":61,"column":16}},"22":{"start":{"line":64,"column":20},"end":{"line":69,"column":3}},"23":{"start":{"line":65,"column":4},"end":{"line":65,"column":24}},"24":{"start":{"line":66,"column":4},"end":{"line":66,"column":33}},"25":{"start":{"line":67,"column":4},"end":{"line":67,"column":23}},"26":{"start":{"line":68,"column":4},"end":{"line":68,"column":18}},"27":{"start":{"line":71,"column":23},"end":{"line":76,"column":3}},"28":{"start":{"line":72,"column":4},"end":{"line":72,"column":29}},"29":{"start":{"line":73,"column":4},"end":{"line":75,"column":5}},"30":{"start":{"line":74,"column":6},"end":{"line":74,"column":28}},"31":{"start":{"line":78,"column":27},"end":{"line":80,"column":3}},"32":{"start":{"line":79,"column":4},"end":{"line":79,"column":77}},"33":{"start":{"line":79,"column":50},"end":{"line":79,"column":72}},"34":{"start":{"line":82,"column":2},"end":{"line":197,"column":4}},"35":{"start":{"line":86,"column":23},"end":{"line":86,"column":39}},"36":{"start":{"line":106,"column":38},"end":{"line":106,"column":65}},"37":{"start":{"line":127,"column":16},"end":{"line":131,"column":32}},"38":{"start":{"line":141,"column":27},"end":{"line":141,"column":44}},"39":{"start":{"line":146,"column":33},"end":{"line":146,"column":56}},"40":{"start":{"line":161,"column":52},"end":{"line":164,"column":13}},"41":{"start":{"line":187,"column":35},"end":{"line":187,"column":52}},"42":{"start":{"line":200,"column":15},"end":{"line":237,"column":2}}},"fnMap":{"0":{"name":"(anonymous_0)","decl":{"start":{"line":19,"column":22},"end":{"line":19,"column":23}},"loc":{"start":{"line":19,"column":28},"end":{"line":198,"column":1}},"line":19},"1":{"name":"(anonymous_1)","decl":{"start":{"line":35,"column":29},"end":{"line":35,"column":30}},"loc":{"start":{"line":35,"column":35},"end":{"line":49,"column":3}},"line":35},"2":{"name":"(anonymous_2)","decl":{"start":{"line":37,"column":24},"end":{"line":37,"column":25}},"loc":{"start":{"line":37,"column":35},"end":{"line":39,"column":5}},"line":37},"3":{"name":"(anonymous_3)","decl":{"start":{"line":42,"column":46},"end":{"line":42,"column":47}},"loc":{"start":{"line":42,"column":74},"end":{"line":48,"column":5}},"line":42},"4":{"name":"(anonymous_4)","decl":{"start":{"line":51,"column":20},"end":{"line":51,"column":21}},"loc":{"start":{"line":51,"column":26},"end":{"line":62,"column":3}},"line":51},"5":{"name":"(anonymous_5)","decl":{"start":{"line":64,"column":20},"end":{"line":64,"column":21}},"loc":{"start":{"line":64,"column":26},"end":{"line":69,"column":3}},"line":64},"6":{"name":"(anonymous_6)","decl":{"start":{"line":71,"column":23},"end":{"line":71,"column":24}},"loc":{"start":{"line":71,"column":48},"end":{"line":76,"column":3}},"line":71},"7":{"name":"(anonymous_7)","decl":{"start":{"line":78,"column":27},"end":{"line":78,"column":28}},"loc":{"start":{"line":78,"column":33},"end":{"line":80,"column":3}},"line":78},"8":{"name":"(anonymous_8)","decl":{"start":{"line":79,"column":30},"end":{"line":79,"column":31}},"loc":{"start":{"line":79,"column":50},"end":{"line":79,"column":72}},"line":79},"9":{"name":"(anonymous_9)","decl":{"start":{"line":86,"column":17},"end":{"line":86,"column":18}},"loc":{"start":{"line":86,"column":23},"end":{"line":86,"column":39}},"line":86},"10":{"name":"(anonymous_10)","decl":{"start":{"line":106,"column":21},"end":{"line":106,"column":22}},"loc":{"start":{"line":106,"column":38},"end":{"line":106,"column":65}},"line":106},"11":{"name":"(anonymous_11)","decl":{"start":{"line":126,"column":31},"end":{"line":126,"column":32}},"loc":{"start":{"line":127,"column":16},"end":{"line":131,"column":32}},"line":127},"12":{"name":"(anonymous_12)","decl":{"start":{"line":141,"column":21},"end":{"line":141,"column":22}},"loc":{"start":{"line":141,"column":27},"end":{"line":141,"column":44}},"line":141},"13":{"name":"(anonymous_13)","decl":{"start":{"line":146,"column":27},"end":{"line":146,"column":28}},"loc":{"start":{"line":146,"column":33},"end":{"line":146,"column":56}},"line":146},"14":{"name":"(anonymous_14)","decl":{"start":{"line":161,"column":44},"end":{"line":161,"column":45}},"loc":{"start":{"line":161,"column":52},"end":{"line":164,"column":13}},"line":161},"15":{"name":"(anonymous_15)","decl":{"start":{"line":187,"column":29},"end":{"line":187,"column":30}},"loc":{"start":{"line":187,"column":35},"end":{"line":187,"column":52}},"line":187}},"branchMap":{"0":{"loc":{"start":{"line":38,"column":42},"end":{"line":38,"column":79}},"type":"binary-expr","locations":[{"start":{"line":38,"column":42},"end":{"line":38,"column":74}},{"start":{"line":38,"column":78},"end":{"line":38,"column":79}}],"line":38},"1":{"loc":{"start":{"line":73,"column":4},"end":{"line":75,"column":5}},"type":"if","locations":[{"start":{"line":73,"column":4},"end":{"line":75,"column":5}},{"start":{},"end":{}}],"line":73},"2":{"loc":{"start":{"line":106,"column":22},"end":{"line":106,"column":33}},"type":"default-arg","locations":[{"start":{"line":106,"column":32},"end":{"line":106,"column":33}}],"line":106},"3":{"loc":{"start":{"line":150,"column":11},"end":{"line":156,"column":11}},"type":"binary-expr","locations":[{"start":{"line":150,"column":11},"end":{"line":150,"column":25}},{"start":{"line":151,"column":12},"end":{"line":155,"column":14}}],"line":150}},"s":{"0":0,"1":0,"2":0,"3":0,"4":0,"5":0,"6":0,"7":0,"8":0,"9":0,"10":0,"11":0,"12":0,"13":0,"14":0,"15":0,"16":0,"17":0,"18":0,"19":0,"20":0,"21":0,"22":0,"23":0,"24":0,"25":0,"26":0,"27":0,"28":0,"29":0,"30":0,"31":0,"32":0,"33":0,"34":0,"35":0,"36":0,"37":0,"38":0,"39":0,"40":0,"41":0,"42":0},"f":{"0":0,"1":0,"2":0,"3":0,"4":0,"5":0,"6":0,"7":0,"8":0,"9":0,"10":0,"11":0,"12":0,"13":0,"14":0,"15":0},"b":{"0":[0,0],"1":[0,0],"2":[0],"3":[0,0]}}
,"/Users/nabin/Desktop/app/CIB-Management/src/screens/ProductionScreen.js": {"path":"/Users/nabin/Desktop/app/CIB-Management/src/screens/ProductionScreen.js","statementMap":{"0":{"start":{"line":6,"column":25},"end":{"line":125,"column":1}},"1":{"start":{"line":7,"column":32},"end":{"line":7,"column":47}},"2":{"start":{"line":8,"column":26},"end":{"line":8,"column":46}},"3":{"start":{"line":9,"column":32},"end":{"line":9,"column":44}},"4":{"start":{"line":10,"column":34},"end":{"line":10,"column":46}},"5":{"start":{"line":11,"column":46},"end":{"line":11,"column":61}},"6":{"start":{"line":14,"column":46},"end":{"line":17,"column":4}},"7":{"start":{"line":19,"column":20},"end":{"line":29,"column":3}},"8":{"start":{"line":20,"column":26},"end":{"line":25,"column":5}},"9":{"start":{"line":26,"column":4},"end":{"line":26,"column":58}},"10":{"start":{"line":27,"column":4},"end":{"line":27,"column":22}},"11":{"start":{"line":28,"column":4},"end":{"line":28,"column":16}},"12":{"start":{"line":31,"column":20},"end":{"line":35,"column":3}},"13":{"start":{"line":32,"column":4},"end":{"line":32,"column":24}},"14":{"start":{"line":33,"column":4},"end":{"line":33,"column":19}},"15":{"start":{"line":34,"column":4},"end":{"line":34,"column":20}},"16":{"start":{"line":37,"column":23},"end":{"line":42,"column":3}},"17":{"start":{"line":38,"column":4},"end":{"line":38,"column":29}},"18":{"start":{"line":39,"column":4},"end":{"line":41,"column":5}},"19":{"start":{"line":40,"column":6},"end":{"line":40,"column":28}},"20":{"start":{"line":44,"column":2},"end":{"line":124,"column":4}},"21":{"start":{"line":48,"column":23},"end":{"line":48,"column":39}},"22":{"start":{"line":65,"column":16},"end":{"line":69,"column":32}},"23":{"start":{"line":79,"column":27},"end":{"line":79,"column":44}},"24":{"start":{"line":84,"column":33},"end":{"line":84,"column":56}},"25":{"start":{"line":114,"column":35},"end":{"line":114,"column":52}},"26":{"start":{"line":127,"column":15},"end":{"line":158,"column":2}}},"fnMap":{"0":{"name":"(anonymous_0)","decl":{"start":{"line":6,"column":25},"end":{"line":6,"column":26}},"loc":{"start":{"line":6,"column":31},"end":{"line":125,"column":1}},"line":6},"1":{"name":"(anonymous_1)","decl":{"start":{"line":19,"column":20},"end":{"line":19,"column":21}},"loc":{"start":{"line":19,"column":26},"end":{"line":29,"column":3}},"line":19},"2":{"name":"(anonymous_2)","decl":{"start":{"line":31,"column":20},"end":{"line":31,"column":21}},"loc":{"start":{"line":31,"column":26},"end":{"line":35,"column":3}},"line":31},"3":{"name":"(anonymous_3)","decl":{"start":{"line":37,"column":23},"end":{"line":37,"column":24}},"loc":{"start":{"line":37,"column":48},"end":{"line":42,"column":3}},"line":37},"4":{"name":"(anonymous_4)","decl":{"start":{"line":48,"column":17},"end":{"line":48,"column":18}},"loc":{"start":{"line":48,"column":23},"end":{"line":48,"column":39}},"line":48},"5":{"name":"(anonymous_5)","decl":{"start":{"line":64,"column":34},"end":{"line":64,"column":35}},"loc":{"start":{"line":65,"column":16},"end":{"line":69,"column":32}},"line":65},"6":{"name":"(anonymous_6)","decl":{"start":{"line":79,"column":21},"end":{"line":79,"column":22}},"loc":{"start":{"line":79,"column":27},"end":{"line":79,"column":44}},"line":79},"7":{"name":"(anonymous_7)","decl":{"start":{"line":84,"column":27},"end":{"line":84,"column":28}},"loc":{"start":{"line":84,"column":33},"end":{"line":84,"column":56}},"line":84},"8":{"name":"(anonymous_8)","decl":{"start":{"line":114,"column":29},"end":{"line":114,"column":30}},"loc":{"start":{"line":114,"column":35},"end":{"line":114,"column":52}},"line":114}},"branchMap":{"0":{"loc":{"start":{"line":39,"column":4},"end":{"line":41,"column":5}},"type":"if","locations":[{"start":{"line":39,"column":4},"end":{"line":41,"column":5}},{"start":{},"end":{}}],"line":39},"1":{"loc":{"start":{"line":88,"column":11},"end":{"line":94,"column":11}},"type":"binary-expr","locations":[{"start":{"line":88,"column":11},"end":{"line":88,"column":25}},{"start":{"line":89,"column":12},"end":{"line":93,"column":14}}],"line":88}},"s":{"0":0,"1":0,"2":0,"3":0,"4":0,"5":0,"6":0,"7":0,"8":0,"9":0,"10":0,"11":0,"12":0,"13":0,"14":0,"15":0,"16":0,"17":0,"18":0,"19":0,"20":0,"21":0,"22":0,"23":0,"24":0,"25":0,"26":0},"f":{"0":0,"1":0,"2":0,"3":0,"4":0,"5":0,"6":0,"7":0,"8":0},"b":{"0":[0,0],"1":[0,0]}}
,"/Users/nabin/Desktop/app/CIB-Management/src/screens/ReportsScreen.js": {"path":"/Users/nabin/Desktop/app/CIB-Management/src/screens/ReportsScreen.js","statementMap":{"0":{"start":{"line":11,"column":22},"end":{"line":283,"column":1}},"1":{"start":{"line":12,"column":38},"end":{"line":12,"column":57}},"2":{"start":{"line":13,"column":36},"end":{"line":13,"column":56}},"3":{"start":{"line":14,"column":32},"end":{"line":14,"column":52}},"4":{"start":{"line":15,"column":56},"end":{"line":15,"column":71}},"5":{"start":{"line":16,"column":52},"end":{"line":16,"column":67}},"6":{"start":{"line":17,"column":54},"end":{"line":17,"column":69}},"7":{"start":{"line":18,"column":34},"end":{"line":18,"column":49}},"8":{"start":{"line":21,"column":19},"end":{"line":21,"column":63}},"9":{"start":{"line":21,"column":40},"end":{"line":21,"column":62}},"10":{"start":{"line":22,"column":19},"end":{"line":22,"column":63}},"11":{"start":{"line":22,"column":40},"end":{"line":22,"column":62}},"12":{"start":{"line":23,"column":20},"end":{"line":23,"column":66}},"13":{"start":{"line":23,"column":41},"end":{"line":23,"column":65}},"14":{"start":{"line":24,"column":22},"end":{"line":24,"column":72}},"15":{"start":{"line":24,"column":43},"end":{"line":24,"column":71}},"16":{"start":{"line":26,"column":23},"end":{"line":103,"column":3}},"17":{"start":{"line":27,"column":15},"end":{"line":42,"column":5}},"18":{"start":{"line":45,"column":4},"end":{"line":58,"column":5}},"19":{"start":{"line":47,"column":8},"end":{"line":47,"column":78}},"20":{"start":{"line":48,"column":8},"end":{"line":48,"column":14}},"21":{"start":{"line":50,"column":8},"end":{"line":50,"column":84}},"22":{"start":{"line":51,"column":8},"end":{"line":51,"column":14}},"23":{"start":{"line":53,"column":8},"end":{"line":53,"column":88}},"24":{"start":{"line":54,"column":8},"end":{"line":54,"column":14}},"25":{"start":{"line":56,"column":8},"end":{"line":56,"column":65}},"26":{"start":{"line":57,"column":8},"end":{"line":57,"column":14}},"27":{"start":{"line":60,"column":4},"end":{"line":60,"column":35}},"28":{"start":{"line":63,"column":4},"end":{"line":99,"column":7}},"29":{"start":{"line":64,"column":6},"end":{"line":64,"column":21}},"30":{"start":{"line":65,"column":6},"end":{"line":97,"column":7}},"31":{"start":{"line":67,"column":10},"end":{"line":72,"column":12}},"32":{"start":{"line":73,"column":10},"end":{"line":73,"column":16}},"33":{"start":{"line":75,"column":10},"end":{"line":80,"column":12}},"34":{"start":{"line":81,"column":10},"end":{"line":81,"column":16}},"35":{"start":{"line":83,"column":10},"end":{"line":88,"column":12}},"36":{"start":{"line":89,"column":10},"end":{"line":89,"column":16}},"37":{"start":{"line":91,"column":10},"end":{"line":95,"column":12}},"38":{"start":{"line":96,"column":10},"end":{"line":96,"column":16}},"39":{"start":{"line":98,"column":6},"end":{"line":98,"column":22}},"40":{"start":{"line":101,"column":4},"end":{"line":101,"column":45}},"41":{"start":{"line":102,"column":4},"end":{"line":102,"column":16}},"42":{"start":{"line":105,"column":26},"end":{"line":131,"column":3}},"43":{"start":{"line":106,"column":18},"end":{"line":106,"column":37}},"44":{"start":{"line":107,"column":16},"end":{"line":107,"column":33}},"45":{"start":{"line":109,"column":4},"end":{"line":130,"column":5}},"46":{"start":{"line":111,"column":8},"end":{"line":114,"column":11}},"47":{"start":{"line":112,"column":27},"end":{"line":112,"column":56}},"48":{"start":{"line":113,"column":10},"end":{"line":113,"column":54}},"49":{"start":{"line":116,"column":8},"end":{"line":120,"column":11}},"50":{"start":{"line":117,"column":27},"end":{"line":117,"column":56}},"51":{"start":{"line":118,"column":10},"end":{"line":119,"column":68}},"52":{"start":{"line":122,"column":8},"end":{"line":122,"column":25}},"53":{"start":{"line":124,"column":8},"end":{"line":127,"column":11}},"54":{"start":{"line":125,"column":27},"end":{"line":125,"column":56}},"55":{"start":{"line":126,"column":10},"end":{"line":126,"column":54}},"56":{"start":{"line":129,"column":8},"end":{"line":129,"column":18}},"57":{"start":{"line":133,"column":22},"end":{"line":142,"column":3}},"58":{"start":{"line":134,"column":4},"end":{"line":141,"column":5}},"59":{"start":{"line":135,"column":27},"end":{"line":135,"column":44}},"60":{"start":{"line":136,"column":19},"end":{"line":136,"column":45}},"61":{"start":{"line":137,"column":22},"end":{"line":137,"column":60}},"62":{"start":{"line":138,"column":6},"end":{"line":138,"column":74}},"63":{"start":{"line":140,"column":6},"end":{"line":140,"column":52}},"64":{"start":{"line":144,"column":24},"end":{"line":166,"column":3}},"65":{"start":{"line":145,"column":4},"end":{"line":165,"column":5}},"66":{"start":{"line":146,"column":27},"end":{"line":146,"column":44}},"67":{"start":{"line":147,"column":17},"end":{"line":147,"column":55}},"68":{"start":{"line":148,"column":17},"end":{"line":148,"column":38}},"69":{"start":{"line":149,"column":6},"end":{"line":149,"column":53}},"70":{"start":{"line":150,"column":20},"end":{"line":150,"column":72}},"71":{"start":{"line":152,"column":23},"end":{"line":152,"column":74}},"72":{"start":{"line":153,"column":23},"end":{"line":153,"column":67}},"73":{"start":{"line":155,"column":6},"end":{"line":157,"column":9}},"74":{"start":{"line":159,"column":6},"end":{"line":162,"column":9}},"75":{"start":{"line":164,"column":6},"end":{"line":164,"column":54}},"76":{"start":{"line":168,"column":2},"end":{"line":282,"column":4}},"77":{"start":{"line":189,"column":29},"end":{"line":189,"column":56}},"78":{"start":{"line":219,"column":27},"end":{"line":219,"column":55}},"79":{"start":{"line":226,"column":27},"end":{"line":226,"column":55}},"80":{"start":{"line":237,"column":16},"end":{"line":237,"column":46}},"81":{"start":{"line":238,"column":16},"end":{"line":238,"column":45}},"82":{"start":{"line":238,"column":26},"end":{"line":238,"column":45}},"83":{"start":{"line":245,"column":27},"end":{"line":245,"column":53}},"84":{"start":{"line":256,"column":16},"end":{"line":256,"column":44}},"85":{"start":{"line":257,"column":16},"end":{"line":257,"column":43}},"86":{"start":{"line":257,"column":26},"end":{"line":257,"column":43}},"87":{"start":{"line":274,"column":27},"end":{"line":274,"column":55}},"88":{"start":{"line":285,"column":15},"end":{"line":324,"column":2}}},"fnMap":{"0":{"name":"(anonymous_0)","decl":{"start":{"line":11,"column":22},"end":{"line":11,"column":23}},"loc":{"start":{"line":11,"column":28},"end":{"line":283,"column":1}},"line":11},"1":{"name":"(anonymous_1)","decl":{"start":{"line":21,"column":31},"end":{"line":21,"column":32}},"loc":{"start":{"line":21,"column":40},"end":{"line":21,"column":62}},"line":21},"2":{"name":"(anonymous_2)","decl":{"start":{"line":22,"column":31},"end":{"line":22,"column":32}},"loc":{"start":{"line":22,"column":40},"end":{"line":22,"column":62}},"line":22},"3":{"name":"(anonymous_3)","decl":{"start":{"line":23,"column":32},"end":{"line":23,"column":33}},"loc":{"start":{"line":23,"column":41},"end":{"line":23,"column":65}},"line":23},"4":{"name":"(anonymous_4)","decl":{"start":{"line":24,"column":34},"end":{"line":24,"column":35}},"loc":{"start":{"line":24,"column":43},"end":{"line":24,"column":71}},"line":24},"5":{"name":"(anonymous_5)","decl":{"start":{"line":26,"column":23},"end":{"line":26,"column":24}},"loc":{"start":{"line":26,"column":33},"end":{"line":103,"column":3}},"line":26},"6":{"name":"(anonymous_6)","decl":{"start":{"line":63,"column":17},"end":{"line":63,"column":18}},"loc":{"start":{"line":63,"column":25},"end":{"line":99,"column":5}},"line":63},"7":{"name":"(anonymous_7)","decl":{"start":{"line":105,"column":26},"end":{"line":105,"column":27}},"loc":{"start":{"line":105,"column":32},"end":{"line":131,"column":3}},"line":105},"8":{"name":"(anonymous_8)","decl":{"start":{"line":111,"column":31},"end":{"line":111,"column":32}},"loc":{"start":{"line":111,"column":39},"end":{"line":114,"column":9}},"line":111},"9":{"name":"(anonymous_9)","decl":{"start":{"line":116,"column":31},"end":{"line":116,"column":32}},"loc":{"start":{"line":116,"column":39},"end":{"line":120,"column":9}},"line":116},"10":{"name":"(anonymous_10)","decl":{"start":{"line":124,"column":34},"end":{"line":124,"column":35}},"loc":{"start":{"line":124,"column":42},"end":{"line":127,"column":9}},"line":124},"11":{"name":"(anonymous_11)","decl":{"start":{"line":133,"column":22},"end":{"line":133,"column":23}},"loc":{"start":{"line":133,"column":34},"end":{"line":142,"column":3}},"line":133},"12":{"name":"(anonymous_12)","decl":{"start":{"line":144,"column":24},"end":{"line":144,"column":25}},"loc":{"start":{"line":144,"column":36},"end":{"line":166,"column":3}},"line":144},"13":{"name":"(anonymous_13)","decl":{"start":{"line":189,"column":23},"end":{"line":189,"column":24}},"loc":{"start":{"line":189,"column":29},"end":{"line":189,"column":56}},"line":189},"14":{"name":"(anonymous_14)","decl":{"start":{"line":219,"column":21},"end":{"line":219,"column":22}},"loc":{"start":{"line":219,"column":27},"end":{"line":219,"column":55}},"line":219},"15":{"name":"(anonymous_15)","decl":{"start":{"line":226,"column":21},"end":{"line":226,"column":22}},"loc":{"start":{"line":226,"column":27},"end":{"line":226,"column":55}},"line":226},"16":{"name":"(anonymous_16)","decl":{"start":{"line":236,"column":24},"end":{"line":236,"column":25}},"loc":{"start":{"line":236,"column":41},"end":{"line":239,"column":15}},"line":236},"17":{"name":"(anonymous_17)","decl":{"start":{"line":245,"column":21},"end":{"line":245,"column":22}},"loc":{"start":{"line":245,"column":27},"end":{"line":245,"column":53}},"line":245},"18":{"name":"(anonymous_18)","decl":{"start":{"line":255,"column":24},"end":{"line":255,"column":25}},"loc":{"start":{"line":255,"column":41},"end":{"line":258,"column":15}},"line":255},"19":{"name":"(anonymous_19)","decl":{"start":{"line":274,"column":21},"end":{"line":274,"column":22}},"loc":{"start":{"line":274,"column":27},"end":{"line":274,"column":55}},"line":274}},"branchMap":{"0":{"loc":{"start":{"line":45,"column":4},"end":{"line":58,"column":5}},"type":"switch","locations":[{"start":{"line":46,"column":6},"end":{"line":48,"column":14}},{"start":{"line":49,"column":6},"end":{"line":51,"column":14}},{"start":{"line":52,"column":6},"end":{"line":54,"column":14}},{"start":{"line":55,"column":6},"end":{"line":57,"column":14}}],"line":45},"1":{"loc":{"start":{"line":65,"column":6},"end":{"line":97,"column":7}},"type":"switch","locations":[{"start":{"line":66,"column":8},"end":{"line":73,"column":16}},{"start":{"line":74,"column":8},"end":{"line":81,"column":16}},{"start":{"line":82,"column":8},"end":{"line":89,"column":16}},{"start":{"line":90,"column":8},"end":{"line":96,"column":16}}],"line":65},"2":{"loc":{"start":{"line":109,"column":4},"end":{"line":130,"column":5}},"type":"switch","locations":[{"start":{"line":110,"column":6},"end":{"line":114,"column":11}},{"start":{"line":115,"column":6},"end":{"line":120,"column":11}},{"start":{"line":121,"column":6},"end":{"line":122,"column":25}},{"start":{"line":123,"column":6},"end":{"line":127,"column":11}},{"start":{"line":128,"column":6},"end":{"line":129,"column":18}}],"line":109},"3":{"loc":{"start":{"line":113,"column":17},"end":{"line":113,"column":53}},"type":"binary-expr","locations":[{"start":{"line":113,"column":17},"end":{"line":113,"column":34}},{"start":{"line":113,"column":38},"end":{"line":113,"column":53}}],"line":113},"4":{"loc":{"start":{"line":118,"column":17},"end":{"line":119,"column":67}},"type":"binary-expr","locations":[{"start":{"line":118,"column":17},"end":{"line":118,"column":34}},{"start":{"line":118,"column":38},"end":{"line":118,"column":53}},{"start":{"line":119,"column":18},"end":{"line":119,"column":36}},{"start":{"line":119,"column":40},"end":{"line":119,"column":66}}],"line":118},"5":{"loc":{"start":{"line":126,"column":17},"end":{"line":126,"column":53}},"type":"binary-expr","locations":[{"start":{"line":126,"column":17},"end":{"line":126,"column":34}},{"start":{"line":126,"column":38},"end":{"line":126,"column":53}}],"line":126},"6":{"loc":{"start":{"line":232,"column":11},"end":{"line":241,"column":11}},"type":"binary-expr","locations":[{"start":{"line":232,"column":11},"end":{"line":232,"column":30}},{"start":{"line":233,"column":12},"end":{"line":240,"column":14}}],"line":232},"7":{"loc":{"start":{"line":238,"column":16},"end":{"line":238,"column":45}},"type":"if","locations":[{"start":{"line":238,"column":16},"end":{"line":238,"column":45}},{"start":{},"end":{}}],"line":238},"8":{"loc":{"start":{"line":251,"column":11},"end":{"line":260,"column":11}},"type":"binary-expr","locations":[{"start":{"line":251,"column":11},"end":{"line":251,"column":28}},{"start":{"line":252,"column":12},"end":{"line":259,"column":14}}],"line":251},"9":{"loc":{"start":{"line":257,"column":16},"end":{"line":257,"column":43}},"type":"if","locations":[{"start":{"line":257,"column":16},"end":{"line":257,"column":43}},{"start":{},"end":{}}],"line":257},"10":{"loc":{"start":{"line":262,"column":11},"end":{"line":270,"column":11}},"type":"binary-expr","locations":[{"start":{"line":262,"column":11},"end":{"line":262,"column":35}},{"start":{"line":263,"column":12},"end":{"line":269,"column":14}}],"line":262}},"s":{"0":0,"1":0,"2":0,"3":0,"4":0,"5":0,"6":0,"7":0,"8":0,"9":0,"10":0,"11":0,"12":0,"13":0,"14":0,"15":0,"16":0,"17":0,"18":0,"19":0,"20":0,"21":0,"22":0,"23":0,"24":0,"25":0,"26":0,"27":0,"28":0,"29":0,"30":0,"31":0,"32":0,"33":0,"34":0,"35":0,"36":0,"37":0,"38":0,"39":0,"40":0,"41":0,"42":0,"43":0,"44":0,"45":0,"46":0,"47":0,"48":0,"49":0,"50":0,"51":0,"52":0,"53":0,"54":0,"55":0,"56":0,"57":0,"58":0,"59":0,"60":0,"61":0,"62":0,"63":0,"64":0,"65":0,"66":0,"67":0,"68":0,"69":0,"70":0,"71":0,"72":0,"73":0,"74":0,"75":0,"76":0,"77":0,"78":0,"79":0,"80":0,"81":0,"82":0,"83":0,"84":0,"85":0,"86":0,"87":0,"88":0},"f":{"0":0,"1":0,"2":0,"3":0,"4":0,"5":0,"6":0,"7":0,"8":0,"9":0,"10":0,"11":0,"12":0,"13":0,"14":0,"15":0,"16":0,"17":0,"18":0,"19":0},"b":{"0":[0,0,0,0],"1":[0,0,0,0],"2":[0,0,0,0,0],"3":[0,0],"4":[0,0,0,0],"5":[0,0],"6":[0,0],"7":[0,0],"8":[0,0],"9":[0,0],"10":[0,0]}}
,"/Users/nabin/Desktop/app/CIB-Management/src/screens/RevenueScreen.js": {"path":"/Users/nabin/Desktop/app/CIB-Management/src/screens/RevenueScreen.js","statementMap":{"0":{"start":{"line":8,"column":20},"end":{"line":8,"column":50}},"1":{"start":{"line":10,"column":22},"end":{"line":183,"column":1}},"2":{"start":{"line":11,"column":32},"end":{"line":11,"column":47}},"3":{"start":{"line":12,"column":26},"end":{"line":12,"column":46}},"4":{"start":{"line":13,"column":32},"end":{"line":13,"column":44}},"5":{"start":{"line":14,"column":34},"end":{"line":14,"column":46}},"6":{"start":{"line":15,"column":30},"end":{"line":15,"column":42}},"7":{"start":{"line":16,"column":44},"end":{"line":16,"column":63}},"8":{"start":{"line":17,"column":46},"end":{"line":17,"column":61}},"9":{"start":{"line":20,"column":40},"end":{"line":23,"column":4}},"10":{"start":{"line":25,"column":20},"end":{"line":30,"column":3}},"11":{"start":{"line":32,"column":20},"end":{"line":44,"column":3}},"12":{"start":{"line":33,"column":23},"end":{"line":40,"column":5}},"13":{"start":{"line":41,"column":4},"end":{"line":41,"column":49}},"14":{"start":{"line":42,"column":4},"end":{"line":42,"column":22}},"15":{"start":{"line":43,"column":4},"end":{"line":43,"column":16}},"16":{"start":{"line":46,"column":20},"end":{"line":52,"column":3}},"17":{"start":{"line":47,"column":4},"end":{"line":47,"column":24}},"18":{"start":{"line":48,"column":4},"end":{"line":48,"column":19}},"19":{"start":{"line":49,"column":4},"end":{"line":49,"column":20}},"20":{"start":{"line":50,"column":4},"end":{"line":50,"column":18}},"21":{"start":{"line":51,"column":4},"end":{"line":51,"column":32}},"22":{"start":{"line":54,"column":23},"end":{"line":59,"column":3}},"23":{"start":{"line":55,"column":4},"end":{"line":55,"column":29}},"24":{"start":{"line":56,"column":4},"end":{"line":58,"column":5}},"25":{"start":{"line":57,"column":6},"end":{"line":57,"column":28}},"26":{"start":{"line":61,"column":2},"end":{"line":182,"column":4}},"27":{"start":{"line":65,"column":23},"end":{"line":65,"column":39}},"28":{"start":{"line":83,"column":38},"end":{"line":83,"column":65}},"29":{"start":{"line":103,"column":16},"end":{"line":108,"column":32}},"30":{"start":{"line":118,"column":27},"end":{"line":118,"column":44}},"31":{"start":{"line":123,"column":33},"end":{"line":123,"column":56}},"32":{"start":{"line":172,"column":35},"end":{"line":172,"column":52}},"33":{"start":{"line":185,"column":15},"end":{"line":223,"column":2}}},"fnMap":{"0":{"name":"(anonymous_0)","decl":{"start":{"line":10,"column":22},"end":{"line":10,"column":23}},"loc":{"start":{"line":10,"column":28},"end":{"line":183,"column":1}},"line":10},"1":{"name":"(anonymous_1)","decl":{"start":{"line":32,"column":20},"end":{"line":32,"column":21}},"loc":{"start":{"line":32,"column":26},"end":{"line":44,"column":3}},"line":32},"2":{"name":"(anonymous_2)","decl":{"start":{"line":46,"column":20},"end":{"line":46,"column":21}},"loc":{"start":{"line":46,"column":26},"end":{"line":52,"column":3}},"line":46},"3":{"name":"(anonymous_3)","decl":{"start":{"line":54,"column":23},"end":{"line":54,"column":24}},"loc":{"start":{"line":54,"column":48},"end":{"line":59,"column":3}},"line":54},"4":{"name":"(anonymous_4)","decl":{"start":{"line":65,"column":17},"end":{"line":65,"column":18}},"loc":{"start":{"line":65,"column":23},"end":{"line":65,"column":39}},"line":65},"5":{"name":"(anonymous_5)","decl":{"start":{"line":83,"column":21},"end":{"line":83,"column":22}},"loc":{"start":{"line":83,"column":38},"end":{"line":83,"column":65}},"line":83},"6":{"name":"(anonymous_6)","decl":{"start":{"line":102,"column":31},"end":{"line":102,"column":32}},"loc":{"start":{"line":103,"column":16},"end":{"line":108,"column":32}},"line":103},"7":{"name":"(anonymous_7)","decl":{"start":{"line":118,"column":21},"end":{"line":118,"column":22}},"loc":{"start":{"line":118,"column":27},"end":{"line":118,"column":44}},"line":118},"8":{"name":"(anonymous_8)","decl":{"start":{"line":123,"column":27},"end":{"line":123,"column":28}},"loc":{"start":{"line":123,"column":33},"end":{"line":123,"column":56}},"line":123},"9":{"name":"(anonymous_9)","decl":{"start":{"line":172,"column":29},"end":{"line":172,"column":30}},"loc":{"start":{"line":172,"column":35},"end":{"line":172,"column":52}},"line":172}},"branchMap":{"0":{"loc":{"start":{"line":56,"column":4},"end":{"line":58,"column":5}},"type":"if","locations":[{"start":{"line":56,"column":4},"end":{"line":58,"column":5}},{"start":{},"end":{}}],"line":56},"1":{"loc":{"start":{"line":83,"column":22},"end":{"line":83,"column":33}},"type":"default-arg","locations":[{"start":{"line":83,"column":32},"end":{"line":83,"column":33}}],"line":83},"2":{"loc":{"start":{"line":127,"column":11},"end":{"line":133,"column":11}},"type":"binary-expr","locations":[{"start":{"line":127,"column":11},"end":{"line":127,"column":25}},{"start":{"line":128,"column":12},"end":{"line":132,"column":14}}],"line":127}},"s":{"0":0,"1":0,"2":0,"3":0,"4":0,"5":0,"6":0,"7":0,"8":0,"9":0,"10":0,"11":0,"12":0,"13":0,"14":0,"15":0,"16":0,"17":0,"18":0,"19":0,"20":0,"21":0,"22":0,"23":0,"24":0,"25":0,"26":0,"27":0,"28":0,"29":0,"30":0,"31":0,"32":0,"33":0},"f":{"0":0,"1":0,"2":0,"3":0,"4":0,"5":0,"6":0,"7":0,"8":0,"9":0},"b":{"0":[0,0],"1":[0],"2":[0,0]}}
,"/Users/nabin/Desktop/app/CIB-Management/src/screens/SettingsScreen.js": {"path":"/Users/nabin/Desktop/app/CIB-Management/src/screens/SettingsScreen.js","statementMap":{"0":{"start":{"line":7,"column":23},"end":{"line":208,"column":1}},"1":{"start":{"line":8,"column":34},"end":{"line":8,"column":49}},"2":{"start":{"line":9,"column":58},"end":{"line":9,"column":73}},"3":{"start":{"line":10,"column":50},"end":{"line":10,"column":65}},"4":{"start":{"line":11,"column":48},"end":{"line":11,"column":63}},"5":{"start":{"line":12,"column":48},"end":{"line":12,"column":63}},"6":{"start":{"line":13,"column":42},"end":{"line":13,"column":57}},"7":{"start":{"line":14,"column":52},"end":{"line":14,"column":66}},"8":{"start":{"line":16,"column":2},"end":{"line":18,"column":9}},"9":{"start":{"line":17,"column":4},"end":{"line":17,"column":19}},"10":{"start":{"line":20,"column":23},"end":{"line":35,"column":3}},"11":{"start":{"line":21,"column":4},"end":{"line":34,"column":5}},"12":{"start":{"line":22,"column":23},"end":{"line":22,"column":64}},"13":{"start":{"line":23,"column":6},"end":{"line":31,"column":7}},"14":{"start":{"line":24,"column":31},"end":{"line":24,"column":51}},"15":{"start":{"line":25,"column":8},"end":{"line":25,"column":45}},"16":{"start":{"line":26,"column":8},"end":{"line":26,"column":69}},"17":{"start":{"line":27,"column":8},"end":{"line":27,"column":61}},"18":{"start":{"line":28,"column":8},"end":{"line":28,"column":59}},"19":{"start":{"line":29,"column":8},"end":{"line":29,"column":59}},"20":{"start":{"line":30,"column":8},"end":{"line":30,"column":74}},"21":{"start":{"line":33,"column":6},"end":{"line":33,"column":54}},"22":{"start":{"line":37,"column":23},"end":{"line":51,"column":3}},"23":{"start":{"line":38,"column":4},"end":{"line":50,"column":5}},"24":{"start":{"line":39,"column":23},"end":{"line":46,"column":7}},"25":{"start":{"line":47,"column":6},"end":{"line":47,"column":74}},"26":{"start":{"line":49,"column":6},"end":{"line":49,"column":53}},"27":{"start":{"line":53,"column":40},"end":{"line":63,"column":3}},"28":{"start":{"line":54,"column":4},"end":{"line":62,"column":5}},"29":{"start":{"line":55,"column":25},"end":{"line":55,"column":70}},"30":{"start":{"line":56,"column":6},"end":{"line":59,"column":7}},"31":{"start":{"line":57,"column":8},"end":{"line":57,"column":38}},"32":{"start":{"line":58,"column":8},"end":{"line":58,"column":29}},"33":{"start":{"line":61,"column":6},"end":{"line":61,"column":72}},"34":{"start":{"line":65,"column":35},"end":{"line":75,"column":3}},"35":{"start":{"line":66,"column":4},"end":{"line":74,"column":5}},"36":{"start":{"line":67,"column":6},"end":{"line":67,"column":44}},"37":{"start":{"line":69,"column":6},"end":{"line":69,"column":37}},"38":{"start":{"line":70,"column":6},"end":{"line":70,"column":33}},"39":{"start":{"line":71,"column":6},"end":{"line":71,"column":32}},"40":{"start":{"line":72,"column":6},"end":{"line":72,"column":32}},"41":{"start":{"line":73,"column":6},"end":{"line":73,"column":27}},"42":{"start":{"line":77,"column":2},"end":{"line":207,"column":4}},"43":{"start":{"line":86,"column":16},"end":{"line":92,"column":18}},"44":{"start":{"line":89,"column":20},"end":{"line":89,"column":39}},"45":{"start":{"line":90,"column":20},"end":{"line":90,"column":41}},"46":{"start":{"line":102,"column":16},"end":{"line":105,"column":18}},"47":{"start":{"line":114,"column":20},"end":{"line":120,"column":22}},"48":{"start":{"line":117,"column":24},"end":{"line":117,"column":51}},"49":{"start":{"line":118,"column":24},"end":{"line":118,"column":45}},"50":{"start":{"line":127,"column":20},"end":{"line":133,"column":22}},"51":{"start":{"line":130,"column":24},"end":{"line":130,"column":50}},"52":{"start":{"line":131,"column":24},"end":{"line":131,"column":45}},"53":{"start":{"line":140,"column":20},"end":{"line":146,"column":22}},"54":{"start":{"line":143,"column":24},"end":{"line":143,"column":50}},"55":{"start":{"line":144,"column":24},"end":{"line":144,"column":45}},"56":{"start":{"line":153,"column":35},"end":{"line":153,"column":56}},"57":{"start":{"line":184,"column":27},"end":{"line":184,"column":49}},"58":{"start":{"line":198,"column":14},"end":{"line":198,"column":35}},"59":{"start":{"line":199,"column":14},"end":{"line":199,"column":37}},"60":{"start":{"line":210,"column":15},"end":{"line":231,"column":2}}},"fnMap":{"0":{"name":"(anonymous_0)","decl":{"start":{"line":7,"column":23},"end":{"line":7,"column":24}},"loc":{"start":{"line":7,"column":29},"end":{"line":208,"column":1}},"line":7},"1":{"name":"(anonymous_1)","decl":{"start":{"line":16,"column":12},"end":{"line":16,"column":13}},"loc":{"start":{"line":16,"column":18},"end":{"line":18,"column":3}},"line":16},"2":{"name":"(anonymous_2)","decl":{"start":{"line":20,"column":23},"end":{"line":20,"column":24}},"loc":{"start":{"line":20,"column":35},"end":{"line":35,"column":3}},"line":20},"3":{"name":"(anonymous_3)","decl":{"start":{"line":37,"column":23},"end":{"line":37,"column":24}},"loc":{"start":{"line":37,"column":35},"end":{"line":51,"column":3}},"line":37},"4":{"name":"(anonymous_4)","decl":{"start":{"line":53,"column":40},"end":{"line":53,"column":41}},"loc":{"start":{"line":53,"column":52},"end":{"line":63,"column":3}},"line":53},"5":{"name":"(anonymous_5)","decl":{"start":{"line":65,"column":35},"end":{"line":65,"column":36}},"loc":{"start":{"line":65,"column":52},"end":{"line":75,"column":3}},"line":65},"6":{"name":"(anonymous_6)","decl":{"start":{"line":85,"column":21},"end":{"line":85,"column":22}},"loc":{"start":{"line":86,"column":16},"end":{"line":92,"column":18}},"line":86},"7":{"name":"(anonymous_7)","decl":{"start":{"line":88,"column":33},"end":{"line":88,"column":34}},"loc":{"start":{"line":88,"column":50},"end":{"line":91,"column":19}},"line":88},"8":{"name":"(anonymous_8)","decl":{"start":{"line":101,"column":21},"end":{"line":101,"column":22}},"loc":{"start":{"line":102,"column":16},"end":{"line":105,"column":18}},"line":102},"9":{"name":"(anonymous_9)","decl":{"start":{"line":113,"column":25},"end":{"line":113,"column":26}},"loc":{"start":{"line":114,"column":20},"end":{"line":120,"column":22}},"line":114},"10":{"name":"(anonymous_10)","decl":{"start":{"line":116,"column":37},"end":{"line":116,"column":38}},"loc":{"start":{"line":116,"column":54},"end":{"line":119,"column":23}},"line":116},"11":{"name":"(anonymous_11)","decl":{"start":{"line":126,"column":25},"end":{"line":126,"column":26}},"loc":{"start":{"line":127,"column":20},"end":{"line":133,"column":22}},"line":127},"12":{"name":"(anonymous_12)","decl":{"start":{"line":129,"column":37},"end":{"line":129,"column":38}},"loc":{"start":{"line":129,"column":54},"end":{"line":132,"column":23}},"line":129},"13":{"name":"(anonymous_13)","decl":{"start":{"line":139,"column":25},"end":{"line":139,"column":26}},"loc":{"start":{"line":140,"column":20},"end":{"line":146,"column":22}},"line":140},"14":{"name":"(anonymous_14)","decl":{"start":{"line":142,"column":37},"end":{"line":142,"column":38}},"loc":{"start":{"line":142,"column":54},"end":{"line":145,"column":23}},"line":142},"15":{"name":"(anonymous_15)","decl":{"start":{"line":153,"column":29},"end":{"line":153,"column":30}},"loc":{"start":{"line":153,"column":35},"end":{"line":153,"column":56}},"line":153},"16":{"name":"(anonymous_16)","decl":{"start":{"line":167,"column":23},"end":{"line":167,"column":24}},"loc":{"start":{"line":167,"column":29},"end":{"line":169,"column":15}},"line":167},"17":{"name":"(anonymous_17)","decl":{"start":{"line":173,"column":23},"end":{"line":173,"column":24}},"loc":{"start":{"line":173,"column":29},"end":{"line":175,"column":15}},"line":173},"18":{"name":"(anonymous_18)","decl":{"start":{"line":184,"column":21},"end":{"line":184,"column":22}},"loc":{"start":{"line":184,"column":27},"end":{"line":184,"column":49}},"line":184},"19":{"name":"(anonymous_19)","decl":{"start":{"line":197,"column":21},"end":{"line":197,"column":22}},"loc":{"start":{"line":197,"column":33},"end":{"line":200,"column":13}},"line":197}},"branchMap":{"0":{"loc":{"start":{"line":23,"column":6},"end":{"line":31,"column":7}},"type":"if","locations":[{"start":{"line":23,"column":6},"end":{"line":31,"column":7}},{"start":{},"end":{}}],"line":23},"1":{"loc":{"start":{"line":56,"column":6},"end":{"line":59,"column":7}},"type":"if","locations":[{"start":{"line":56,"column":6},"end":{"line":59,"column":7}},{"start":{},"end":{}}],"line":56},"2":{"loc":{"start":{"line":66,"column":4},"end":{"line":74,"column":5}},"type":"if","locations":[{"start":{"line":66,"column":4},"end":{"line":74,"column":5}},{"start":{"line":68,"column":11},"end":{"line":74,"column":5}}],"line":66},"3":{"loc":{"start":{"line":109,"column":13},"end":{"line":160,"column":13}},"type":"binary-expr","locations":[{"start":{"line":109,"column":13},"end":{"line":109,"column":33}},{"start":{"line":110,"column":14},"end":{"line":159,"column":17}}],"line":109},"4":{"loc":{"start":{"line":150,"column":17},"end":{"line":158,"column":17}},"type":"binary-expr","locations":[{"start":{"line":150,"column":17},"end":{"line":150,"column":32}},{"start":{"line":151,"column":18},"end":{"line":157,"column":27}}],"line":150}},"s":{"0":0,"1":0,"2":0,"3":0,"4":0,"5":0,"6":0,"7":0,"8":0,"9":0,"10":0,"11":0,"12":0,"13":0,"14":0,"15":0,"16":0,"17":0,"18":0,"19":0,"20":0,"21":0,"22":0,"23":0,"24":0,"25":0,"26":0,"27":0,"28":0,"29":0,"30":0,"31":0,"32":0,"33":0,"34":0,"35":0,"36":0,"37":0,"38":0,"39":0,"40":0,"41":0,"42":0,"43":0,"44":0,"45":0,"46":0,"47":0,"48":0,"49":0,"50":0,"51":0,"52":0,"53":0,"54":0,"55":0,"56":0,"57":0,"58":0,"59":0,"60":0},"f":{"0":0,"1":0,"2":0,"3":0,"4":0,"5":0,"6":0,"7":0,"8":0,"9":0,"10":0,"11":0,"12":0,"13":0,"14":0,"15":0,"16":0,"17":0,"18":0,"19":0},"b":{"0":[0,0],"1":[0,0],"2":[0,0],"3":[0,0],"4":[0,0]}}
,"/Users/nabin/Desktop/app/CIB-Management/src/screens/auth/LoginScreen.js": {"path":"/Users/nabin/Desktop/app/CIB-Management/src/screens/auth/LoginScreen.js","statementMap":{"0":{"start":{"line":10,"column":20},"end":{"line":78,"column":1}},"1":{"start":{"line":11,"column":28},"end":{"line":11,"column":40}},"2":{"start":{"line":12,"column":34},"end":{"line":12,"column":46}},"3":{"start":{"line":13,"column":19},"end":{"line":13,"column":32}},"4":{"start":{"line":15,"column":22},"end":{"line":22,"column":3}},"5":{"start":{"line":16,"column":4},"end":{"line":21,"column":5}},"6":{"start":{"line":17,"column":29},"end":{"line":17,"column":84}},"7":{"start":{"line":18,"column":6},"end":{"line":18,"column":45}},"8":{"start":{"line":20,"column":6},"end":{"line":20,"column":40}},"9":{"start":{"line":24,"column":30},"end":{"line":50,"column":3}},"10":{"start":{"line":25,"column":4},"end":{"line":49,"column":5}},"11":{"start":{"line":26,"column":25},"end":{"line":26,"column":69}},"12":{"start":{"line":27,"column":6},"end":{"line":30,"column":7}},"13":{"start":{"line":28,"column":8},"end":{"line":28,"column":74}},"14":{"start":{"line":29,"column":8},"end":{"line":29,"column":15}},"15":{"start":{"line":32,"column":23},"end":{"line":32,"column":66}},"16":{"start":{"line":33,"column":6},"end":{"line":36,"column":7}},"17":{"start":{"line":34,"column":8},"end":{"line":34,"column":93}},"18":{"start":{"line":35,"column":8},"end":{"line":35,"column":15}},"19":{"start":{"line":38,"column":21},"end":{"line":40,"column":8}},"20":{"start":{"line":42,"column":6},"end":{"line":46,"column":7}},"21":{"start":{"line":45,"column":8},"end":{"line":45,"column":22}},"22":{"start":{"line":48,"column":6},"end":{"line":48,"column":47}},"23":{"start":{"line":52,"column":2},"end":{"line":77,"column":4}},"24":{"start":{"line":80,"column":15},"end":{"line":98,"column":2}}},"fnMap":{"0":{"name":"(anonymous_0)","decl":{"start":{"line":10,"column":20},"end":{"line":10,"column":21}},"loc":{"start":{"line":10,"column":26},"end":{"line":78,"column":1}},"line":10},"1":{"name":"(anonymous_1)","decl":{"start":{"line":15,"column":22},"end":{"line":15,"column":23}},"loc":{"start":{"line":15,"column":34},"end":{"line":22,"column":3}},"line":15},"2":{"name":"(anonymous_2)","decl":{"start":{"line":24,"column":30},"end":{"line":24,"column":31}},"loc":{"start":{"line":24,"column":42},"end":{"line":50,"column":3}},"line":24}},"branchMap":{"0":{"loc":{"start":{"line":27,"column":6},"end":{"line":30,"column":7}},"type":"if","locations":[{"start":{"line":27,"column":6},"end":{"line":30,"column":7}},{"start":{},"end":{}}],"line":27},"1":{"loc":{"start":{"line":33,"column":6},"end":{"line":36,"column":7}},"type":"if","locations":[{"start":{"line":33,"column":6},"end":{"line":36,"column":7}},{"start":{},"end":{}}],"line":33},"2":{"loc":{"start":{"line":42,"column":6},"end":{"line":46,"column":7}},"type":"if","locations":[{"start":{"line":42,"column":6},"end":{"line":46,"column":7}},{"start":{},"end":{}}],"line":42}},"s":{"0":0,"1":0,"2":0,"3":0,"4":0,"5":0,"6":0,"7":0,"8":0,"9":0,"10":0,"11":0,"12":0,"13":0,"14":0,"15":0,"16":0,"17":0,"18":0,"19":0,"20":0,"21":0,"22":0,"23":0,"24":0},"f":{"0":0,"1":0,"2":0},"b":{"0":[0,0],"1":[0,0],"2":[0,0]}}
,"/Users/nabin/Desktop/app/CIB-Management/src/services/BackupService.js": {"path":"/Users/nabin/Desktop/app/CIB-Management/src/services/BackupService.js","statementMap":{"0":{"start":{"line":8,"column":27},"end":{"line":8,"column":68}},"1":{"start":{"line":11,"column":4},"end":{"line":19,"column":5}},"2":{"start":{"line":12,"column":22},"end":{"line":12,"column":73}},"3":{"start":{"line":13,"column":6},"end":{"line":15,"column":7}},"4":{"start":{"line":14,"column":8},"end":{"line":14,"column":91}},"5":{"start":{"line":17,"column":6},"end":{"line":17,"column":63}},"6":{"start":{"line":18,"column":6},"end":{"line":18,"column":18}},"7":{"start":{"line":23,"column":4},"end":{"line":52,"column":5}},"8":{"start":{"line":24,"column":6},"end":{"line":24,"column":30}},"9":{"start":{"line":27,"column":24},"end":{"line":27,"column":70}},"10":{"start":{"line":28,"column":23},"end":{"line":28,"column":72}},"11":{"start":{"line":31,"column":6},"end":{"line":34,"column":8}},"12":{"start":{"line":37,"column":6},"end":{"line":46,"column":7}},"13":{"start":{"line":38,"column":21},"end":{"line":38,"column":30}},"14":{"start":{"line":39,"column":21},"end":{"line":39,"column":37}},"15":{"start":{"line":41,"column":8},"end":{"line":45,"column":9}},"16":{"start":{"line":42,"column":26},"end":{"line":42,"column":38}},"17":{"start":{"line":43,"column":28},"end":{"line":43,"column":81}},"18":{"start":{"line":44,"column":10},"end":{"line":44,"column":61}},"19":{"start":{"line":48,"column":6},"end":{"line":48,"column":22}},"20":{"start":{"line":50,"column":6},"end":{"line":50,"column":53}},"21":{"start":{"line":51,"column":6},"end":{"line":51,"column":18}},"22":{"start":{"line":56,"column":4},"end":{"line":68,"column":5}},"23":{"start":{"line":57,"column":28},"end":{"line":57,"column":74}},"24":{"start":{"line":58,"column":25},"end":{"line":58,"column":50}},"25":{"start":{"line":60,"column":6},"end":{"line":62,"column":7}},"26":{"start":{"line":61,"column":8},"end":{"line":61,"column":47}},"27":{"start":{"line":64,"column":6},"end":{"line":64,"column":24}},"28":{"start":{"line":66,"column":6},"end":{"line":66,"column":45}},"29":{"start":{"line":67,"column":6},"end":{"line":67,"column":45}},"30":{"start":{"line":72,"column":4},"end":{"line":84,"column":5}},"31":{"start":{"line":73,"column":23},"end":{"line":77,"column":7}},"32":{"start":{"line":79,"column":6},"end":{"line":79,"column":77}},"33":{"start":{"line":80,"column":6},"end":{"line":80,"column":18}},"34":{"start":{"line":82,"column":6},"end":{"line":82,"column":53}},"35":{"start":{"line":83,"column":6},"end":{"line":83,"column":19}},"36":{"start":{"line":88,"column":4},"end":{"line":114,"column":5}},"37":{"start":{"line":89,"column":26},"end":{"line":89,"column":70}},"38":{"start":{"line":90,"column":6},"end":{"line":90,"column":37}},"39":{"start":{"line":90,"column":24},"end":{"line":90,"column":37}},"40":{"start":{"line":92,"column":23},"end":{"line":92,"column":46}},"41":{"start":{"line":93,"column":6},"end":{"line":93,"column":45}},"42":{"start":{"line":93,"column":32},"end":{"line":93,"column":45}},"43":{"start":{"line":95,"column":25},"end":{"line":95,"column":54}},"44":{"start":{"line":96,"column":18},"end":{"line":96,"column":28}},"45":{"start":{"line":97,"column":24},"end":{"line":97,"column":61}},"46":{"start":{"line":99,"column":6},"end":{"line":110,"column":7}},"47":{"start":{"line":101,"column":10},"end":{"line":101,"column":32}},"48":{"start":{"line":103,"column":10},"end":{"line":103,"column":33}},"49":{"start":{"line":105,"column":10},"end":{"line":105,"column":34}},"50":{"start":{"line":107,"column":10},"end":{"line":107,"column":34}},"51":{"start":{"line":109,"column":10},"end":{"line":109,"column":23}},"52":{"start":{"line":112,"column":6},"end":{"line":112,"column":57}},"53":{"start":{"line":113,"column":6},"end":{"line":113,"column":19}}},"fnMap":{"0":{"name":"(anonymous_0)","decl":{"start":{"line":10,"column":2},"end":{"line":10,"column":3}},"loc":{"start":{"line":10,"column":28},"end":{"line":20,"column":3}},"line":10},"1":{"name":"(anonymous_1)","decl":{"start":{"line":22,"column":2},"end":{"line":22,"column":3}},"loc":{"start":{"line":22,"column":57},"end":{"line":53,"column":3}},"line":22},"2":{"name":"(anonymous_2)","decl":{"start":{"line":55,"column":2},"end":{"line":55,"column":3}},"loc":{"start":{"line":55,"column":41},"end":{"line":69,"column":3}},"line":55},"3":{"name":"(anonymous_3)","decl":{"start":{"line":71,"column":2},"end":{"line":71,"column":3}},"loc":{"start":{"line":71,"column":45},"end":{"line":85,"column":3}},"line":71},"4":{"name":"(anonymous_4)","decl":{"start":{"line":87,"column":2},"end":{"line":87,"column":3}},"loc":{"start":{"line":87,"column":35},"end":{"line":115,"column":3}},"line":87}},"branchMap":{"0":{"loc":{"start":{"line":13,"column":6},"end":{"line":15,"column":7}},"type":"if","locations":[{"start":{"line":13,"column":6},"end":{"line":15,"column":7}},{"start":{},"end":{}}],"line":13},"1":{"loc":{"start":{"line":22,"column":34},"end":{"line":22,"column":55}},"type":"default-arg","locations":[{"start":{"line":22,"column":50},"end":{"line":22,"column":55}}],"line":22},"2":{"loc":{"start":{"line":37,"column":6},"end":{"line":46,"column":7}},"type":"if","locations":[{"start":{"line":37,"column":6},"end":{"line":46,"column":7}},{"start":{},"end":{}}],"line":37},"3":{"loc":{"start":{"line":41,"column":8},"end":{"line":45,"column":9}},"type":"if","locations":[{"start":{"line":41,"column":8},"end":{"line":45,"column":9}},{"start":{},"end":{}}],"line":41},"4":{"loc":{"start":{"line":60,"column":6},"end":{"line":62,"column":7}},"type":"if","locations":[{"start":{"line":60,"column":6},"end":{"line":62,"column":7}},{"start":{},"end":{}}],"line":60},"5":{"loc":{"start":{"line":90,"column":6},"end":{"line":90,"column":37}},"type":"if","locations":[{"start":{"line":90,"column":6},"end":{"line":90,"column":37}},{"start":{},"end":{}}],"line":90},"6":{"loc":{"start":{"line":93,"column":6},"end":{"line":93,"column":45}},"type":"if","locations":[{"start":{"line":93,"column":6},"end":{"line":93,"column":45}},{"start":{},"end":{}}],"line":93},"7":{"loc":{"start":{"line":99,"column":6},"end":{"line":110,"column":7}},"type":"switch","locations":[{"start":{"line":100,"column":8},"end":{"line":101,"column":32}},{"start":{"line":102,"column":8},"end":{"line":103,"column":33}},{"start":{"line":104,"column":8},"end":{"line":105,"column":34}},{"start":{"line":106,"column":8},"end":{"line":107,"column":34}},{"start":{"line":108,"column":8},"end":{"line":109,"column":23}}],"line":99}},"s":{"0":1,"1":5,"2":5,"3":5,"4":1,"5":0,"6":0,"7":2,"8":2,"9":2,"10":2,"11":2,"12":2,"13":1,"14":1,"15":1,"16":1,"17":1,"18":1,"19":2,"20":0,"21":0,"22":2,"23":2,"24":2,"25":1,"26":0,"27":1,"28":1,"29":1,"30":1,"31":1,"32":1,"33":1,"34":0,"35":0,"36":1,"37":1,"38":1,"39":0,"40":1,"41":1,"42":0,"43":1,"44":1,"45":1,"46":1,"47":0,"48":1,"49":0,"50":0,"51":0,"52":0,"53":0},"f":{"0":5,"1":2,"2":2,"3":1,"4":1},"b":{"0":[1,4],"1":[1],"2":[1,1],"3":[1,0],"4":[0,1],"5":[0,1],"6":[0,1],"7":[0,1,0,0,0]},"_coverageSchema":"1a1c01bbd47fc00a2c39e90264f33305004495a9","hash":"40c3743e1696b2e6b62e4cbf7a17e7260da1843b"}
[...]
,"/Users/nabin/Desktop/app/CIB-Management/src/services/NotificationService.js": {"path":"/Users/nabin/Desktop/app/CIB-Management/src/services/NotificationService.js","statementMap":{"0":{"start":{"line":4,"column":0},"end":{"line":10,"column":3}},"1":{"start":{"line":5,"column":35},"end":{"line":9,"column":3}},"2":{"start":{"line":12,"column":39},"end":{"line":24,"column":1}},"3":{"start":{"line":13,"column":2},"end":{"line":23,"column":3}},"4":{"start":{"line":14,"column":21},"end":{"line":14,"column":62}},"5":{"start":{"line":15,"column":4},"end":{"line":20,"column":5}},"6":{"start":{"line":16,"column":39},"end":{"line":16,"column":59}},"7":{"start":{"line":17,"column":6},"end":{"line":19,"column":7}},"8":{"start":{"line":18,"column":8},"end":{"line":18,"column":35}},"9":{"start":{"line":22,"column":4},"end":{"line":22,"column":62}},"10":{"start":{"line":26,"column":34},"end":{"line":29,"column":1}},"11":{"start":{"line":27,"column":21},"end":{"line":27,"column":66}},"12":{"start":{"line":28,"column":2},"end":{"line":28,"column":30}},"13":{"start":{"line":31,"column":39},"end":{"line":53,"column":1}},"14":{"start":{"line":32,"column":2},"end":{"line":52,"column":3}},"15":{"start":{"line":33,"column":21},"end":{"line":33,"column":62}},"16":{"start":{"line":34,"column":4},"end":{"line":49,"column":5}},"17":{"start":{"line":35,"column":35},"end":{"line":35,"column":55}},"18":{"start":{"line":36,"column":6},"end":{"line":36,"column":36}},"19":{"start":{"line":36,"column":29},"end":{"line":36,"column":36}},"20":{"start":{"line":38,"column":22},"end":{"line":38,"column":47}},"21":{"start":{"line":39,"column":22},"end":{"line":39,"column":63}},"22":{"start":{"line":41,"column":6},"end":{"line":48,"column":9}},"23":{"start":{"line":51,"column":4},"end":{"line":51,"column":63}},"24":{"start":{"line":55,"column":38},"end":{"line":78,"column":1}},"25":{"start":{"line":56,"column":2},"end":{"line":77,"column":3}},"26":{"start":{"line":57,"column":21},"end":{"line":57,"column":62}},"27":{"start":{"line":58,"column":4},"end":{"line":74,"column":5}},"28":{"start":{"line":59,"column":34},"end":{"line":59,"column":54}},"29":{"start":{"line":60,"column":6},"end":{"line":60,"column":35}},"30":{"start":{"line":60,"column":28},"end":{"line":60,"column":35}},"31":{"start":{"line":63,"column":18},"end":{"line":63,"column":28}},"32":{"start":{"line":64,"column":22},"end":{"line":64,"column":72}},"33":{"start":{"line":65,"column":6},"end":{"line":65,"column":32}},"34":{"start":{"line":67,"column":6},"end":{"line":73,"column":9}},"35":{"start":{"line":76,"column":4},"end":{"line":76,"column":62}},"36":{"start":{"line":80,"column":36},"end":{"line":101,"column":1}},"37":{"start":{"line":81,"column":2},"end":{"line":100,"column":3}},"38":{"start":{"line":82,"column":21},"end":{"line":82,"column":62}},"39":{"start":{"line":83,"column":4},"end":{"line":97,"column":5}},"40":{"start":{"line":84,"column":53},"end":{"line":84,"column":73}},"41":{"start":{"line":85,"column":6},"end":{"line":85,"column":35}},"42":{"start":{"line":85,"column":28},"end":{"line":85,"column":35}},"43":{"start":{"line":87,"column":6},"end":{"line":96,"column":7}},"44":{"start":{"line":88,"column":8},"end":{"line":95,"column":11}},"45":{"start":{"line":99,"column":4},"end":{"line":99,"column":61}},"46":{"start":{"line":103,"column":38},"end":{"line":109,"column":1}},"47":{"start":{"line":104,"column":2},"end":{"line":108,"column":3}},"48":{"start":{"line":105,"column":4},"end":{"line":105,"column":63}},"49":{"start":{"line":107,"column":4},"end":{"line":107,"column":59}}},"fnMap":{"0":{"name":"(anonymous_0)","decl":{"start":{"line":5,"column":22},"end":{"line":5,"column":23}},"loc":{"start":{"line":5,"column":35},"end":{"line":9,"column":3}},"line":5},"1":{"name":"(anonymous_1)","decl":{"start":{"line":12,"column":39},"end":{"line":12,"column":40}},"loc":{"start":{"line":12,"column":51},"end":{"line":24,"column":1}},"line":12},"2":{"name":"(anonymous_2)","decl":{"start":{"line":26,"column":34},"end":{"line":26,"column":35}},"loc":{"start":{"line":26,"column":46},"end":{"line":29,"column":1}},"line":26},"3":{"name":"(anonymous_3)","decl":{"start":{"line":31,"column":39},"end":{"line":31,"column":40}},"loc":{"start":{"line":31,"column":58},"end":{"line":53,"column":1}},"line":31},"4":{"name":"(anonymous_4)","decl":{"start":{"line":55,"column":38},"end":{"line":55,"column":39}},"loc":{"start":{"line":55,"column":50},"end":{"line":78,"column":1}},"line":55},"5":{"name":"(anonymous_5)","decl":{"start":{"line":80,"column":36},"end":{"line":80,"column":37}},"loc":{"start":{"line":80,"column":55},"end":{"line":101,"column":1}},"line":80},"6":{"name":"(anonymous_6)","decl":{"start":{"line":103,"column":38},"end":{"line":103,"column":39}},"loc":{"start":{"line":103,"column":50},"end":{"line":109,"column":1}},"line":103}},"branchMap":{"0":{"loc":{"start":{"line":15,"column":4},"end":{"line":20,"column":5}},"type":"if","locations":[{"start":{"line":15,"column":4},"end":{"line":20,"column":5}},{"start":{},"end":{}}],"line":15},"1":{"loc":{"start":{"line":17,"column":6},"end":{"line":19,"column":7}},"type":"if","locations":[{"start":{"line":17,"column":6},"end":{"line":19,"column":7}},{"start":{},"end":{}}],"line":17},"2":{"loc":{"start":{"line":34,"column":4},"end":{"line":49,"column":5}},"type":"if","locations":[{"start":{"line":34,"column":4},"end":{"line":49,"column":5}},{"start":{},"end":{}}],"line":34},"3":{"loc":{"start":{"line":36,"column":6},"end":{"line":36,"column":36}},"type":"if","locations":[{"start":{"line":36,"column":6},"end":{"line":36,"column":36}},{"start":{},"end":{}}],"line":36},"4":{"loc":{"start":{"line":58,"column":4},"end":{"line":74,"column":5}},"type":"if","locations":[{"start":{"line":58,"column":4},"end":{"line":74,"column":5}},{"start":{},"end":{}}],"line":58},"5":{"loc":{"start":{"line":60,"column":6},"end":{"line":60,"column":35}},"type":"if","locations":[{"start":{"line":60,"column":6},"end":{"line":60,"column":35}},{"start":{},"end":{}}],"line":60},"6":{"loc":{"start":{"line":83,"column":4},"end":{"line":97,"column":5}},"type":"if","locations":[{"start":{"line":83,"column":4},"end":{"line":97,"column":5}},{"start":{},"end":{}}],"line":83},"7":{"loc":{"start":{"line":85,"column":6},"end":{"line":85,"column":35}},"type":"if","locations":[{"start":{"line":85,"column":6},"end":{"line":85,"column":35}},{"start":{},"end":{}}],"line":85},"8":{"loc":{"start":{"line":87,"column":6},"end":{"line":96,"column":7}},"type":"if","locations":[{"start":{"line":87,"column":6},"end":{"line":96,"column":7}},{"start":{},"end":{}}],"line":87}},"s":{"0":0,"1":0,"2":0,"3":0,"4":0,"5":0,"6":0,"7":0,"8":0,"9":0,"10":0,"11":0,"12":0,"13":0,"14":0,"15":0,"16":0,"17":0,"18":0,"19":0,"20":0,"21":0,"22":0,"23":0,"24":0,"25":0,"26":0,"27":0,"28":0,"29":0,"30":0,"31":0,"32":0,"33":0,"34":0,"35":0,"36":0,"37":0,"38":0,"39":0,"40":0,"41":0,"42":0,"43":0,"44":0,"45":0,"46":0,"47":0,"48":0,"49":0},"f":{"0":0,"1":0,"2":0,"3":0,"4":0,"5":0,"6":0},"b":{"0":[0,0],"1":[0,0],"2":[0,0],"3":[0,0],"4":[0,0],"5":[0,0],"6":[0,0],"7":[0,0],"8":[0,0]}}
,"/Users/nabin/Desktop/app/CIB-Management/src/services/OfflineStorage.js": {"path":"/Users/nabin/Desktop/app/CIB-Management/src/services/OfflineStorage.js","statementMap":{"0":{"start":{"line":5,"column":23},"end":{"line":5,"column":40}},"1":{"start":{"line":8,"column":20},"end":{"line":19,"column":1}},"2":{"start":{"line":9,"column":2},"end":{"line":18,"column":3}},"3":{"start":{"line":10,"column":26},"end":{"line":13,"column":16}},"4":{"start":{"line":14,"column":4},"end":{"line":14,"column":25}},"5":{"start":{"line":16,"column":4},"end":{"line":16,"column":46}},"6":{"start":{"line":17,"column":4},"end":{"line":17,"column":16}},"7":{"start":{"line":22,"column":20},"end":{"line":31,"column":1}},"8":{"start":{"line":23,"column":2},"end":{"line":30,"column":3}},"9":{"start":{"line":24,"column":18},"end":{"line":24,"column":69}},"10":{"start":{"line":25,"column":26},"end":{"line":25,"column":71}},"11":{"start":{"line":26,"column":4},"end":{"line":26,"column":25}},"12":{"start":{"line":28,"column":4},"end":{"line":28,"column":46}},"13":{"start":{"line":29,"column":4},"end":{"line":29,"column":16}},"14":{"start":{"line":34,"column":18},"end":{"line":46,"column":1}},"15":{"start":{"line":35,"column":2},"end":{"line":45,"column":3}},"16":{"start":{"line":36,"column":26},"end":{"line":36,"column":44}},"17":{"start":{"line":37,"column":4},"end":{"line":40,"column":5}},"18":{"start":{"line":38,"column":6},"end":{"line":38,"column":53}},"19":{"start":{"line":39,"column":6},"end":{"line":39,"column":18}},"20":{"start":{"line":41,"column":4},"end":{"line":41,"column":17}},"21":{"start":{"line":43,"column":4},"end":{"line":43,"column":43}},"22":{"start":{"line":44,"column":4},"end":{"line":44,"column":17}},"23":{"start":{"line":49,"column":16},"end":{"line":60,"column":1}},"24":{"start":{"line":50,"column":2},"end":{"line":59,"column":3}},"25":{"start":{"line":51,"column":26},"end":{"line":51,"column":57}},"26":{"start":{"line":52,"column":4},"end":{"line":54,"column":5}},"27":{"start":{"line":53,"column":6},"end":{"line":53,"column":40}},"28":{"start":{"line":55,"column":4},"end":{"line":55,"column":16}},"29":{"start":{"line":57,"column":4},"end":{"line":57,"column":45}},"30":{"start":{"line":58,"column":4},"end":{"line":58,"column":16}},"31":{"start":{"line":63,"column":26},"end":{"line":71,"column":1}},"32":{"start":{"line":64,"column":2},"end":{"line":70,"column":3}},"33":{"start":{"line":65,"column":20},"end":{"line":65,"column":41}},"34":{"start":{"line":66,"column":4},"end":{"line":66,"column":62}},"35":{"start":{"line":68,"column":4},"end":{"line":68,"column":49}},"36":{"start":{"line":69,"column":4},"end":{"line":69,"column":17}},"37":{"start":{"line":74,"column":27},"end":{"line":85,"column":1}},"38":{"start":{"line":75,"column":2},"end":{"line":84,"column":3}},"39":{"start":{"line":76,"column":18},"end":{"line":76,"column":53}},"40":{"start":{"line":77,"column":4},"end":{"line":80,"column":7}},"41":{"start":{"line":81,"column":4},"end":{"line":81,"column":43}},"42":{"start":{"line":83,"column":4},"end":{"line":83,"column":41}},"43":{"start":{"line":88,"column":27},"end":{"line":126,"column":1}},"44":{"start":{"line":89,"column":2},"end":{"line":125,"column":3}},"45":{"start":{"line":90,"column":18},"end":{"line":90,"column":53}},"46":{"start":{"line":91,"column":4},"end":{"line":91,"column":35}},"47":{"start":{"line":91,"column":28},"end":{"line":91,"column":35}},"48":{"start":{"line":93,"column":21},"end":{"line":93,"column":46}},"49":{"start":{"line":94,"column":4},"end":{"line":94,"column":26}},"50":{"start":{"line":94,"column":19},"end":{"line":94,"column":26}},"51":{"start":{"line":97,"column":4},"end":{"line":119,"column":5}},"52":{"start":{"line":98,"column":6},"end":{"line":118,"column":7}},"53":{"start":{"line":100,"column":8},"end":{"line":113,"column":9}},"54":{"start":{"line":103,"column":12},"end":{"line":103,"column":18}},"55":{"start":{"line":106,"column":12},"end":{"line":106,"column":18}},"56":{"start":{"line":109,"column":12},"end":{"line":109,"column":18}},"57":{"start":{"line":112,"column":12},"end":{"line":112,"column":18}},"58":{"start":{"line":115,"column":8},"end":{"line":115,"column":63}},"59":{"start":{"line":117,"column":8},"end":{"line":117,"column":17}},"60":{"start":{"line":122,"column":4},"end":{"line":122,"column":40}},"61":{"start":{"line":124,"column":4},"end":{"line":124,"column":40}},"62":{"start":{"line":129,"column":23},"end":{"line":138,"column":1}},"63":{"start":{"line":130,"column":2},"end":{"line":137,"column":3}},"64":{"start":{"line":131,"column":4},"end":{"line":134,"column":7}},"65":{"start":{"line":136,"column":4},"end":{"line":136,"column":49}},"66":{"start":{"line":141,"column":21},"end":{"line":160,"column":1}},"67":{"start":{"line":142,"column":2},"end":{"line":159,"column":3}},"68":{"start":{"line":143,"column":22},"end":{"line":143,"column":40}},"69":{"start":{"line":144,"column":21},"end":{"line":144,"column":46}},"70":{"start":{"line":146,"column":4},"end":{"line":153,"column":5}},"71":{"start":{"line":148,"column":25},"end":{"line":148,"column":54}},"72":{"start":{"line":149,"column":6},"end":{"line":152,"column":7}},"73":{"start":{"line":150,"column":8},"end":{"line":150,"column":46}},"74":{"start":{"line":151,"column":8},"end":{"line":151,"column":26}},"75":{"start":{"line":155,"column":4},"end":{"line":155,"column":35}},"76":{"start":{"line":157,"column":4},"end":{"line":157,"column":56}},"77":{"start":{"line":158,"column":4},"end":{"line":158,"column":16}},"78":{"start":{"line":163,"column":33},"end":{"line":180,"column":1}},"79":{"start":{"line":164,"column":2},"end":{"line":179,"column":3}},"80":{"start":{"line":166,"column":4},"end":{"line":170,"column":7}},"81":{"start":{"line":167,"column":6},"end":{"line":169,"column":7}},"82":{"start":{"line":168,"column":8},"end":{"line":168,"column":29}},"83":{"start":{"line":173,"column":21},"end":{"line":173,"column":46}},"84":{"start":{"line":174,"column":4},"end":{"line":176,"column":5}},"85":{"start":{"line":175,"column":6},"end":{"line":175,"column":33}},"86":{"start":{"line":178,"column":4},"end":{"line":178,"column":50}},"87":{"start":{"line":182,"column":30},"end":{"line":191,"column":1}}},"fnMap":{"0":{"name":"(anonymous_0)","decl":{"start":{"line":8,"column":20},"end":{"line":8,"column":21}},"loc":{"start":{"line":8,"column":30},"end":{"line":19,"column":1}},"line":8},"1":{"name":"(anonymous_1)","decl":{"start":{"line":22,"column":20},"end":{"line":22,"column":21}},"loc":{"start":{"line":22,"column":39},"end":{"line":31,"column":1}},"line":22},"2":{"name":"(anonymous_2)","decl":{"start":{"line":34,"column":18},"end":{"line":34,"column":19}},"loc":{"start":{"line":34,"column":40},"end":{"line":46,"column":1}},"line":34},"3":{"name":"(anonymous_3)","decl":{"start":{"line":49,"column":16},"end":{"line":49,"column":17}},"loc":{"start":{"line":49,"column":31},"end":{"line":60,"column":1}},"line":49},"4":{"name":"(anonymous_4)","decl":{"start":{"line":63,"column":26},"end":{"line":63,"column":27}},"loc":{"start":{"line":63,"column":38},"end":{"line":71,"column":1}},"line":63},"5":{"name":"(anonymous_5)","decl":{"start":{"line":74,"column":27},"end":{"line":74,"column":28}},"loc":{"start":{"line":74,"column":45},"end":{"line":85,"column":1}},"line":74},"6":{"name":"(anonymous_6)","decl":{"start":{"line":88,"column":27},"end":{"line":88,"column":28}},"loc":{"start":{"line":88,"column":39},"end":{"line":126,"column":1}},"line":88},"7":{"name":"(anonymous_7)","decl":{"start":{"line":129,"column":23},"end":{"line":129,"column":24}},"loc":{"start":{"line":129,"column":44},"end":{"line":138,"column":1}},"line":129},"8":{"name":"(anonymous_8)","decl":{"start":{"line":141,"column":21},"end":{"line":141,"column":22}},"loc":{"start":{"line":141,"column":59},"end":{"line":160,"column":1}},"line":141},"9":{"name":"(anonymous_9)","decl":{"start":{"line":163,"column":33},"end":{"line":163,"column":34}},"loc":{"start":{"line":163,"column":45},"end":{"line":180,"column":1}},"line":163},"10":{"name":"(anonymous_10)","decl":{"start":{"line":166,"column":29},"end":{"line":166,"column":30}},"loc":{"start":{"line":166,"column":38},"end":{"line":170,"column":5}},"line":166}},"branchMap":{"0":{"loc":{"start":{"line":37,"column":4},"end":{"line":40,"column":5}},"type":"if","locations":[{"start":{"line":37,"column":4},"end":{"line":40,"column":5}},{"start":{},"end":{}}],"line":37},"1":{"loc":{"start":{"line":52,"column":4},"end":{"line":54,"column":5}},"type":"if","locations":[{"start":{"line":52,"column":4},"end":{"line":54,"column":5}},{"start":{},"end":{}}],"line":52},"2":{"loc":{"start":{"line":66,"column":11},"end":{"line":66,"column":61}},"type":"binary-expr","locations":[{"start":{"line":66,"column":11},"end":{"line":66,"column":30}},{"start":{"line":66,"column":34},"end":{"line":66,"column":61}}],"line":66},"3":{"loc":{"start":{"line":76,"column":18},"end":{"line":76,"column":53}},"type":"binary-expr","locations":[{"start":{"line":76,"column":18},"end":{"line":76,"column":47}},{"start":{"line":76,"column":51},"end":{"line":76,"column":53}}],"line":76},"4":{"loc":{"start":{"line":90,"column":18},"end":{"line":90,"column":53}},"type":"binary-expr","locations":[{"start":{"line":90,"column":18},"end":{"line":90,"column":47}},{"start":{"line":90,"column":51},"end":{"line":90,"column":53}}],"line":90},"5":{"loc":{"start":{"line":91,"column":4},"end":{"line":91,"column":35}},"type":"if","locations":[{"start":{"line":91,"column":4},"end":{"line":91,"column":35}},{"start":{},"end":{}}],"line":91},"6":{"loc":{"start":{"line":94,"column":4},"end":{"line":94,"column":26}},"type":"if","locations":[{"start":{"line":94,"column":4},"end":{"line":94,"column":26}},{"start":{},"end":{}}],"line":94},"7":{"loc":{"start":{"line":100,"column":8},"end":{"line":113,"column":9}},"type":"switch","locations":[{"start":{"line":101,"column":10},"end":{"line":103,"column":18}},{"start":{"line":104,"column":10},"end":{"line":106,"column":18}},{"start":{"line":107,"column":10},"end":{"line":109,"column":18}},{"start":{"line":110,"column":10},"end":{"line":112,"column":18}}],"line":100},"8":{"loc":{"start":{"line":146,"column":4},"end":{"line":153,"column":5}},"type":"if","locations":[{"start":{"line":146,"column":4},"end":{"line":153,"column":5}},{"start":{},"end":{}}],"line":146},"9":{"loc":{"start":{"line":146,"column":8},"end":{"line":146,"column":41}},"type":"binary-expr","locations":[{"start":{"line":146,"column":8},"end":{"line":146,"column":16}},{"start":{"line":146,"column":20},"end":{"line":146,"column":41}}],"line":146},"10":{"loc":{"start":{"line":149,"column":6},"end":{"line":152,"column":7}},"type":"if","locations":[{"start":{"line":149,"column":6},"end":{"line":152,"column":7}},{"start":{},"end":{}}],"line":149},"11":{"loc":{"start":{"line":155,"column":11},"end":{"line":155,"column":34}},"type":"binary-expr","locations":[{"start":{"line":155,"column":11},"end":{"line":155,"column":26}},{"start":{"line":155,"column":30},"end":{"line":155,"column":34}}],"line":155},"12":{"loc":{"start":{"line":167,"column":6},"end":{"line":169,"column":7}},"type":"if","locations":[{"start":{"line":167,"column":6},"end":{"line":169,"column":7}},{"start":{},"end":{}}],"line":167},"13":{"loc":{"start":{"line":167,"column":10},"end":{"line":167,"column":56}},"type":"binary-expr","locations":[{"start":{"line":167,"column":10},"end":{"line":167,"column":27}},{"start":{"line":167,"column":31},"end":{"line":167,"column":56}}],"line":167},"14":{"loc":{"start":{"line":174,"column":4},"end":{"line":176,"column":5}},"type":"if","locations":[{"start":{"line":174,"column":4},"end":{"line":176,"column":5}},{"start":{},"end":{}}],"line":174}},"s":{"0":1,"1":1,"2":8,"3":8,"4":8,"5":0,"6":0,"7":1,"8":6,"9":6,"10":6,"11":6,"12":0,"13":0,"14":1,"15":8,"16":8,"17":8,"18":8,"19":7,"20":0,"21":1,"22":1,"23":1,"24":8,"25":8,"26":8,"27":6,"28":2,"29":0,"30":0,"31":1,"32":6,"33":6,"34":6,"35":0,"36":0,"37":1,"38":1,"39":1,"40":1,"41":1,"42":0,"43":1,"44":2,"45":2,"46":2,"47":1,"48":1,"49":1,"50":0,"51":1,"52":2,"53":2,"54":1,"55":1,"56":0,"57":0,"58":0,"59":0,"60":1,"61":0,"62":1,"63":3,"64":3,"65":0,"66":1,"67":2,"68":2,"69":2,"70":2,"71":1,"72":1,"73":1,"74":1,"75":1,"76":0,"77":0,"78":1,"79":1,"80":1,"81":0,"82":0,"83":1,"84":1,"85":1,"86":0,"87":1},"f":{"0":8,"1":6,"2":8,"3":8,"4":6,"5":1,"6":2,"7":3,"8":2,"9":1,"10":0},"b":{"0":[8,0],"1":[6,2],"2":[6,5],"3":[1,1],"4":[2,1],"5":[1,1],"6":[0,1],"7":[1,1,0,0],"8":[1,1],"9":[2,2],"10":[1,0],"11":[1,0],"12":[0,0],"13":[0,0],"14":[1,0]},"_coverageSchema":"1a1c01bbd47fc00a2c39e90264f33305004495a9","hash":"11b56af3b859ac804cb862ef78d44ec7d8d69d1d"}
}
