TN:
SF:src/config/firebase.js
FNF:0
FNH:0
DA:5,0
DA:15,0
DA:16,0
DA:17,0
LF:4
LH:0
BRF:0
BRH:0
end_of_record
TN:
SF:src/navigation/AppNavigator.js
FN:21,(anonymous_0)
FN:24,(anonymous_1)
FN:25,(anonymous_2)
FN:69,(anonymous_3)
FN:70,(anonymous_4)
FNF:5
FNH:0
FNDA:0,(anonymous_0)
FNDA:0,(anonymous_1)
FNDA:0,(anonymous_2)
FNDA:0,(anonymous_3)
FNDA:0,(anonymous_4)
DA:18,0
DA:19,0
DA:21,0
DA:22,0
DA:24,0
DA:28,0
DA:30,0
DA:31,0
DA:33,0
DA:34,0
DA:36,0
DA:37,0
DA:39,0
DA:40,0
DA:42,0
DA:43,0
DA:45,0
DA:46,0
DA:48,0
DA:49,0
DA:52,0
DA:69,0
DA:70,0
DA:72,0
LF:24
LH:0
BRDA:28,0,0,0
BRDA:28,0,1,0
BRDA:28,0,2,0
BRDA:28,0,3,0
BRDA:28,0,4,0
BRDA:28,0,5,0
BRDA:28,0,6,0
BRDA:30,1,0,0
BRDA:30,1,1,0
BRDA:33,2,0,0
BRDA:33,2,1,0
BRDA:36,3,0,0
BRDA:36,3,1,0
BRDA:39,4,0,0
BRDA:39,4,1,0
BRDA:42,5,0,0
BRDA:42,5,1,0
BRDA:45,6,0,0
BRDA:45,6,1,0
BRDA:48,7,0,0
BRDA:48,7,1,0
BRDA:75,8,0,0
BRDA:75,8,1,0
BRF:23
BRH:0
end_of_record
TN:
SF:src/redux/store.js
FNF:0
FNH:0
DA:8,0
LF:1
LH:0
BRF:0
BRH:0
end_of_record
TN:
SF:src/redux/slices/authSlice.js
FN:13,(anonymous_0)
FN:16,(anonymous_1)
FN:19,(anonymous_2)
FN:22,(anonymous_3)
FNF:4
FNH:0
FNDA:0,(anonymous_0)
FNDA:0,(anonymous_1)
FNDA:0,(anonymous_2)
FNDA:0,(anonymous_3)
DA:3,0
DA:9,0
DA:14,0
DA:17,0
DA:20,0
DA:23,0
DA:24,0
DA:29,0
LF:8
LH:0
BRF:0
BRH:0
end_of_record
TN:
SF:src/redux/slices/employeeSlice.js
FN:13,(anonymous_0)
FN:16,(anonymous_1)
FN:19,(anonymous_2)
FN:20,(anonymous_3)
FN:25,(anonymous_4)
FN:27,(anonymous_5)
FN:32,(anonymous_6)
FN:35,(anonymous_7)
FNF:8
FNH:0
FNDA:0,(anonymous_0)
FNDA:0,(anonymous_1)
FNDA:0,(anonymous_2)
FNDA:0,(anonymous_3)
FNDA:0,(anonymous_4)
FNDA:0,(anonymous_5)
FNDA:0,(anonymous_6)
FNDA:0,(anonymous_7)
DA:3,0
DA:9,0
DA:14,0
DA:17,0
DA:20,0
DA:21,0
DA:22,0
DA:26,0
DA:27,0
DA:28,0
DA:29,0
DA:33,0
DA:36,0
DA:48,0
LF:14
LH:0
BRDA:21,0,0,0
BRDA:21,0,1,0
BRDA:28,1,0,0
BRDA:28,1,1,0
BRF:4
BRH:0
end_of_record
TN:
SF:src/redux/slices/expenseSlice.js
FN:13,(anonymous_0)
FN:16,(anonymous_1)
FN:19,(anonymous_2)
FN:20,(anonymous_3)
FN:25,(anonymous_4)
FN:28,(anonymous_5)
FNF:6
FNH:0
FNDA:0,(anonymous_0)
FNDA:0,(anonymous_1)
FNDA:0,(anonymous_2)
FNDA:0,(anonymous_3)
FNDA:0,(anonymous_4)
FNDA:0,(anonymous_5)
DA:3,0
DA:9,0
DA:14,0
DA:17,0
DA:20,0
DA:21,0
DA:22,0
DA:26,0
DA:29,0
DA:34,0
LF:10
LH:0
BRDA:21,0,0,0
BRDA:21,0,1,0
BRF:2
BRH:0
end_of_record
TN:
SF:src/redux/slices/productionSlice.js
FN:13,(anonymous_0)
FN:16,(anonymous_1)
FN:19,(anonymous_2)
FN:22,(anonymous_3)
FNF:4
FNH:0
FNDA:0,(anonymous_0)
FNDA:0,(anonymous_1)
FNDA:0,(anonymous_2)
FNDA:0,(anonymous_3)
DA:3,0
DA:9,0
DA:14,0
DA:17,0
DA:20,0
DA:23,0
DA:28,0
LF:7
LH:0
BRF:0
BRH:0
end_of_record
TN:
SF:src/redux/slices/revenueSlice.js
FN:13,(anonymous_0)
FN:16,(anonymous_1)
FN:19,(anonymous_2)
FN:20,(anonymous_3)
FN:25,(anonymous_4)
FN:28,(anonymous_5)
FNF:6
FNH:0
FNDA:0,(anonymous_0)
FNDA:0,(anonymous_1)
FNDA:0,(anonymous_2)
FNDA:0,(anonymous_3)
FNDA:0,(anonymous_4)
FNDA:0,(anonymous_5)
DA:3,0
DA:9,0
DA:14,0
DA:17,0
DA:20,0
DA:21,0
DA:22,0
DA:26,0
DA:29,0
DA:34,0
LF:10
LH:0
BRDA:21,0,0,0
BRDA:21,0,1,0
BRF:2
BRH:0
end_of_record
TN:
SF:src/screens/DashboardScreen.js
FN:9,(anonymous_0)
FN:86,(anonymous_1)
FN:102,(anonymous_2)
FN:112,(anonymous_3)
FN:115,(anonymous_4)
FN:118,(anonymous_5)
FNF:6
FNH:0
FNDA:0,(anonymous_0)
FNDA:0,(anonymous_1)
FNDA:0,(anonymous_2)
FNDA:0,(anonymous_3)
FNDA:0,(anonymous_4)
FNDA:0,(anonymous_5)
DA:7,0
DA:9,0
DA:11,0
DA:18,0
DA:42,0
DA:86,0
DA:102,0
DA:112,0
DA:115,0
DA:118,0
DA:126,0
LF:11
LH:0
BRDA:86,0,0,0
BRDA:102,1,0,0
BRF:2
BRH:0
end_of_record
TN:
SF:src/screens/EmployeeScreen.js
FN:6,(anonymous_0)
FN:44,(anonymous_1)
FN:58,(anonymous_2)
FN:59,(anonymous_3)
FN:78,(anonymous_4)
FN:85,(anonymous_5)
FN:91,(anonymous_6)
FN:98,(anonymous_7)
FN:107,(anonymous_8)
FN:114,(anonymous_9)
FN:121,(anonymous_10)
FN:127,(anonymous_11)
FN:137,(anonymous_12)
FN:151,(anonymous_13)
FN:181,(anonymous_14)
FN:194,(anonymous_15)
FN:208,(anonymous_16)
FN:232,(anonymous_17)
FNF:18
FNH:0
FNDA:0,(anonymous_0)
FNDA:0,(anonymous_1)
FNDA:0,(anonymous_2)
FNDA:0,(anonymous_3)
FNDA:0,(anonymous_4)
FNDA:0,(anonymous_5)
FNDA:0,(anonymous_6)
FNDA:0,(anonymous_7)
FNDA:0,(anonymous_8)
FNDA:0,(anonymous_9)
FNDA:0,(anonymous_10)
FNDA:0,(anonymous_11)
FNDA:0,(anonymous_12)
FNDA:0,(anonymous_13)
FNDA:0,(anonymous_14)
FNDA:0,(anonymous_15)
FNDA:0,(anonymous_16)
FNDA:0,(anonymous_17)
DA:6,0
DA:7,0
DA:8,0
DA:9,0
DA:12,0
DA:13,0
DA:14,0
DA:15,0
DA:16,0
DA:19,0
DA:20,0
DA:23,0
DA:44,0
DA:45,0
DA:53,0
DA:54,0
DA:55,0
DA:58,0
DA:59,0
DA:60,0
DA:61,0
DA:71,0
DA:73,0
DA:74,0
DA:75,0
DA:78,0
DA:79,0
DA:80,0
DA:81,0
DA:82,0
DA:85,0
DA:86,0
DA:87,0
DA:88,0
DA:91,0
DA:92,0
DA:93,0
DA:94,0
DA:98,0
DA:99,0
DA:100,0
DA:103,0
DA:107,0
DA:115,0
DA:121,0
DA:128,0
DA:137,0
DA:151,0
DA:181,0
DA:194,0
DA:208,0
DA:232,0
DA:245,0
LF:53
LH:0
BRDA:60,0,0,0
BRDA:60,0,1,0
BRDA:93,1,0,0
BRDA:93,1,1,0
BRDA:185,2,0,0
BRDA:185,2,1,0
BRF:6
BRH:0
end_of_record
TN:
SF:src/screens/ExpenseScreen.js
FN:19,(anonymous_0)
FN:35,(anonymous_1)
FN:37,(anonymous_2)
FN:42,(anonymous_3)
FN:51,(anonymous_4)
FN:64,(anonymous_5)
FN:71,(anonymous_6)
FN:78,(anonymous_7)
FN:79,(anonymous_8)
FN:86,(anonymous_9)
FN:106,(anonymous_10)
FN:126,(anonymous_11)
FN:141,(anonymous_12)
FN:146,(anonymous_13)
FN:161,(anonymous_14)
FN:187,(anonymous_15)
FNF:16
FNH:0
FNDA:0,(anonymous_0)
FNDA:0,(anonymous_1)
FNDA:0,(anonymous_2)
FNDA:0,(anonymous_3)
FNDA:0,(anonymous_4)
FNDA:0,(anonymous_5)
FNDA:0,(anonymous_6)
FNDA:0,(anonymous_7)
FNDA:0,(anonymous_8)
FNDA:0,(anonymous_9)
FNDA:0,(anonymous_10)
FNDA:0,(anonymous_11)
FNDA:0,(anonymous_12)
FNDA:0,(anonymous_13)
FNDA:0,(anonymous_14)
FNDA:0,(anonymous_15)
DA:8,0
DA:10,0
DA:19,0
DA:20,0
DA:21,0
DA:22,0
DA:23,0
DA:24,0
DA:25,0
DA:28,0
DA:35,0
DA:36,0
DA:37,0
DA:38,0
DA:41,0
DA:42,0
DA:51,0
DA:52,0
DA:59,0
DA:60,0
DA:61,0
DA:64,0
DA:65,0
DA:66,0
DA:67,0
DA:68,0
DA:71,0
DA:72,0
DA:73,0
DA:74,0
DA:78,0
DA:79,0
DA:82,0
DA:86,0
DA:106,0
DA:127,0
DA:141,0
DA:146,0
DA:161,0
DA:187,0
DA:200,0
LF:41
LH:0
BRDA:38,0,0,0
BRDA:38,0,1,0
BRDA:73,1,0,0
BRDA:73,1,1,0
BRDA:106,2,0,0
BRDA:150,3,0,0
BRDA:150,3,1,0
BRF:7
BRH:0
end_of_record
TN:
SF:src/screens/ProductionScreen.js
FN:6,(anonymous_0)
FN:19,(anonymous_1)
FN:31,(anonymous_2)
FN:37,(anonymous_3)
FN:48,(anonymous_4)
FN:64,(anonymous_5)
FN:79,(anonymous_6)
FN:84,(anonymous_7)
FN:114,(anonymous_8)
FNF:9
FNH:0
FNDA:0,(anonymous_0)
FNDA:0,(anonymous_1)
FNDA:0,(anonymous_2)
FNDA:0,(anonymous_3)
FNDA:0,(anonymous_4)
FNDA:0,(anonymous_5)
FNDA:0,(anonymous_6)
FNDA:0,(anonymous_7)
FNDA:0,(anonymous_8)
DA:6,0
DA:7,0
DA:8,0
DA:9,0
DA:10,0
DA:11,0
DA:14,0
DA:19,0
DA:20,0
DA:26,0
DA:27,0
DA:28,0
DA:31,0
DA:32,0
DA:33,0
DA:34,0
DA:37,0
DA:38,0
DA:39,0
DA:40,0
DA:44,0
DA:48,0
DA:65,0
DA:79,0
DA:84,0
DA:114,0
DA:127,0
LF:27
LH:0
BRDA:39,0,0,0
BRDA:39,0,1,0
BRDA:88,1,0,0
BRDA:88,1,1,0
BRF:4
BRH:0
end_of_record
TN:
SF:src/screens/ReportsScreen.js
FN:11,(anonymous_0)
FN:21,(anonymous_1)
FN:22,(anonymous_2)
FN:23,(anonymous_3)
FN:24,(anonymous_4)
FN:26,(anonymous_5)
FN:63,(anonymous_6)
FN:105,(anonymous_7)
FN:111,(anonymous_8)
FN:116,(anonymous_9)
FN:124,(anonymous_10)
FN:133,(anonymous_11)
FN:144,(anonymous_12)
FN:189,(anonymous_13)
FN:219,(anonymous_14)
FN:226,(anonymous_15)
FN:236,(anonymous_16)
FN:245,(anonymous_17)
FN:255,(anonymous_18)
FN:274,(anonymous_19)
FNF:20
FNH:0
FNDA:0,(anonymous_0)
FNDA:0,(anonymous_1)
FNDA:0,(anonymous_2)
FNDA:0,(anonymous_3)
FNDA:0,(anonymous_4)
FNDA:0,(anonymous_5)
FNDA:0,(anonymous_6)
FNDA:0,(anonymous_7)
FNDA:0,(anonymous_8)
FNDA:0,(anonymous_9)
FNDA:0,(anonymous_10)
FNDA:0,(anonymous_11)
FNDA:0,(anonymous_12)
FNDA:0,(anonymous_13)
FNDA:0,(anonymous_14)
FNDA:0,(anonymous_15)
FNDA:0,(anonymous_16)
FNDA:0,(anonymous_17)
FNDA:0,(anonymous_18)
FNDA:0,(anonymous_19)
DA:11,0
DA:12,0
DA:13,0
DA:14,0
DA:15,0
DA:16,0
DA:17,0
DA:18,0
DA:21,0
DA:22,0
DA:23,0
DA:24,0
DA:26,0
DA:27,0
DA:45,0
DA:47,0
DA:48,0
DA:50,0
DA:51,0
DA:53,0
DA:54,0
DA:56,0
DA:57,0
DA:60,0
DA:63,0
DA:64,0
DA:65,0
DA:67,0
DA:73,0
DA:75,0
DA:81,0
DA:83,0
DA:89,0
DA:91,0
DA:96,0
DA:98,0
DA:101,0
DA:102,0
DA:105,0
DA:106,0
DA:107,0
DA:109,0
DA:111,0
DA:112,0
DA:113,0
DA:116,0
DA:117,0
DA:118,0
DA:122,0
DA:124,0
DA:125,0
DA:126,0
DA:129,0
DA:133,0
DA:134,0
DA:135,0
DA:136,0
DA:137,0
DA:138,0
DA:140,0
DA:144,0
DA:145,0
DA:146,0
DA:147,0
DA:148,0
DA:149,0
DA:150,0
DA:152,0
DA:153,0
DA:155,0
DA:159,0
DA:164,0
DA:168,0
DA:189,0
DA:219,0
DA:226,0
DA:237,0
DA:238,0
DA:245,0
DA:256,0
DA:257,0
DA:274,0
DA:285,0
LF:83
LH:0
BRDA:45,0,0,0
BRDA:45,0,1,0
BRDA:45,0,2,0
BRDA:45,0,3,0
BRDA:65,1,0,0
BRDA:65,1,1,0
BRDA:65,1,2,0
BRDA:65,1,3,0
BRDA:109,2,0,0
BRDA:109,2,1,0
BRDA:109,2,2,0
BRDA:109,2,3,0
BRDA:109,2,4,0
BRDA:113,3,0,0
BRDA:113,3,1,0
BRDA:118,4,0,0
BRDA:118,4,1,0
BRDA:118,4,2,0
BRDA:118,4,3,0
BRDA:126,5,0,0
BRDA:126,5,1,0
BRDA:232,6,0,0
BRDA:232,6,1,0
BRDA:238,7,0,0
BRDA:238,7,1,0
BRDA:251,8,0,0
BRDA:251,8,1,0
BRDA:257,9,0,0
BRDA:257,9,1,0
BRDA:262,10,0,0
BRDA:262,10,1,0
BRF:31
BRH:0
end_of_record
TN:
SF:src/screens/RevenueScreen.js
FN:10,(anonymous_0)
FN:32,(anonymous_1)
FN:46,(anonymous_2)
FN:54,(anonymous_3)
FN:65,(anonymous_4)
FN:83,(anonymous_5)
FN:102,(anonymous_6)
FN:118,(anonymous_7)
FN:123,(anonymous_8)
FN:172,(anonymous_9)
FNF:10
FNH:0
FNDA:0,(anonymous_0)
FNDA:0,(anonymous_1)
FNDA:0,(anonymous_2)
FNDA:0,(anonymous_3)
FNDA:0,(anonymous_4)
FNDA:0,(anonymous_5)
FNDA:0,(anonymous_6)
FNDA:0,(anonymous_7)
FNDA:0,(anonymous_8)
FNDA:0,(anonymous_9)
DA:8,0
DA:10,0
DA:11,0
DA:12,0
DA:13,0
DA:14,0
DA:15,0
DA:16,0
DA:17,0
DA:20,0
DA:25,0
DA:32,0
DA:33,0
DA:41,0
DA:42,0
DA:43,0
DA:46,0
DA:47,0
DA:48,0
DA:49,0
DA:50,0
DA:51,0
DA:54,0
DA:55,0
DA:56,0
DA:57,0
DA:61,0
DA:65,0
DA:83,0
DA:103,0
DA:118,0
DA:123,0
DA:172,0
DA:185,0
LF:34
LH:0
BRDA:56,0,0,0
BRDA:56,0,1,0
BRDA:83,1,0,0
BRDA:127,2,0,0
BRDA:127,2,1,0
BRF:5
BRH:0
end_of_record
TN:
SF:src/screens/SettingsScreen.js
FN:7,(anonymous_0)
FN:16,(anonymous_1)
FN:20,(anonymous_2)
FN:37,(anonymous_3)
FN:53,(anonymous_4)
FN:65,(anonymous_5)
FN:85,(anonymous_6)
FN:88,(anonymous_7)
FN:101,(anonymous_8)
FN:113,(anonymous_9)
FN:116,(anonymous_10)
FN:126,(anonymous_11)
FN:129,(anonymous_12)
FN:139,(anonymous_13)
FN:142,(anonymous_14)
FN:153,(anonymous_15)
FN:167,(anonymous_16)
FN:173,(anonymous_17)
FN:184,(anonymous_18)
FN:197,(anonymous_19)
FNF:20
FNH:0
FNDA:0,(anonymous_0)
FNDA:0,(anonymous_1)
FNDA:0,(anonymous_2)
FNDA:0,(anonymous_3)
FNDA:0,(anonymous_4)
FNDA:0,(anonymous_5)
FNDA:0,(anonymous_6)
FNDA:0,(anonymous_7)
FNDA:0,(anonymous_8)
FNDA:0,(anonymous_9)
FNDA:0,(anonymous_10)
FNDA:0,(anonymous_11)
FNDA:0,(anonymous_12)
FNDA:0,(anonymous_13)
FNDA:0,(anonymous_14)
FNDA:0,(anonymous_15)
FNDA:0,(anonymous_16)
FNDA:0,(anonymous_17)
FNDA:0,(anonymous_18)
FNDA:0,(anonymous_19)
DA:7,0
DA:8,0
DA:9,0
DA:10,0
DA:11,0
DA:12,0
DA:13,0
DA:14,0
DA:16,0
DA:17,0
DA:20,0
DA:21,0
DA:22,0
DA:23,0
DA:24,0
DA:25,0
DA:26,0
DA:27,0
DA:28,0
DA:29,0
DA:30,0
DA:33,0
DA:37,0
DA:38,0
DA:39,0
DA:47,0
DA:49,0
DA:53,0
DA:54,0
DA:55,0
DA:56,0
DA:57,0
DA:58,0
DA:61,0
DA:65,0
DA:66,0
DA:67,0
DA:69,0
DA:70,0
DA:71,0
DA:72,0
DA:73,0
DA:77,0
DA:86,0
DA:89,0
DA:90,0
DA:102,0
DA:114,0
DA:117,0
DA:118,0
DA:127,0
DA:130,0
DA:131,0
DA:140,0
DA:143,0
DA:144,0
DA:153,0
DA:184,0
DA:198,0
DA:199,0
DA:210,0
LF:61
LH:0
BRDA:23,0,0,0
BRDA:23,0,1,0
BRDA:56,1,0,0
BRDA:56,1,1,0
BRDA:66,2,0,0
BRDA:66,2,1,0
BRDA:109,3,0,0
BRDA:109,3,1,0
BRDA:150,4,0,0
BRDA:150,4,1,0
BRF:10
BRH:0
end_of_record
TN:
SF:src/screens/auth/LoginScreen.js
FN:10,(anonymous_0)
FN:15,(anonymous_1)
FN:24,(anonymous_2)
FNF:3
FNH:0
FNDA:0,(anonymous_0)
FNDA:0,(anonymous_1)
FNDA:0,(anonymous_2)
DA:10,0
DA:11,0
DA:12,0
DA:13,0
DA:15,0
DA:16,0
DA:17,0
DA:18,0
DA:20,0
DA:24,0
DA:25,0
DA:26,0
DA:27,0
DA:28,0
DA:29,0
DA:32,0
DA:33,0
DA:34,0
DA:35,0
DA:38,0
DA:42,0
DA:45,0
DA:48,0
DA:52,0
DA:80,0
LF:25
LH:0
BRDA:27,0,0,0
BRDA:27,0,1,0
BRDA:33,1,0,0
BRDA:33,1,1,0
BRDA:42,2,0,0
BRDA:42,2,1,0
BRF:6
BRH:0
end_of_record
TN:
SF:src/services/BackupService.js
FN:10,(anonymous_0)
FN:22,(anonymous_1)
FN:55,(anonymous_2)
FN:71,(anonymous_3)
FN:87,(anonymous_4)
FNF:5
FNH:5
FNDA:5,(anonymous_0)
FNDA:2,(anonymous_1)
FNDA:2,(anonymous_2)
FNDA:1,(anonymous_3)
FNDA:1,(anonymous_4)
DA:8,1
DA:11,5
DA:12,5
DA:13,5
DA:14,1
DA:17,0
DA:18,0
DA:23,2
DA:24,2
DA:27,2
DA:28,2
DA:31,2
DA:37,2
DA:38,1
DA:39,1
DA:41,1
DA:42,1
DA:43,1
DA:44,1
DA:48,2
DA:50,0
DA:51,0
DA:56,2
DA:57,2
DA:58,2
DA:60,1
DA:61,0
DA:64,1
DA:66,1
DA:67,1
DA:72,1
DA:73,1
DA:79,1
DA:80,1
DA:82,0
DA:83,0
DA:88,1
DA:89,1
DA:90,1
DA:92,1
DA:93,1
DA:95,1
DA:96,1
DA:97,1
DA:99,1
DA:101,0
DA:103,1
DA:105,0
DA:107,0
DA:109,0
DA:112,0
DA:113,0
LF:52
LH:39
BRDA:13,0,0,1
BRDA:13,0,1,4
BRDA:22,1,0,1
BRDA:37,2,0,1
BRDA:37,2,1,1
BRDA:41,3,0,1
BRDA:41,3,1,0
BRDA:60,4,0,0
BRDA:60,4,1,1
BRDA:90,5,0,0
BRDA:90,5,1,1
BRDA:93,6,0,0
BRDA:93,6,1,1
BRDA:99,7,0,0
BRDA:99,7,1,1
BRDA:99,7,2,0
BRDA:99,7,3,0
BRDA:99,7,4,0
BRF:18
BRH:10
end_of_record
TN:
SF:src/services/EncryptionService.js
FN:8,(anonymous_0)
FN:22,(anonymous_1)
FN:39,(anonymous_2)
FNF:3
FNH:3
FNDA:6,(anonymous_0)
FNDA:2,(anonymous_1)
FNDA:2,(anonymous_2)
DA:5,1
DA:6,1
DA:9,6
DA:10,6
DA:11,5
DA:12,0
DA:14,5
DA:15,5
DA:17,1
DA:18,1
DA:23,2
DA:24,0
DA:27,2
DA:28,2
DA:29,1
DA:32,1
DA:33,1
DA:35,1
DA:40,2
DA:41,0
DA:44,2
DA:45,2
DA:46,2
DA:48,2
DA:49,1
DA:52,1
DA:54,1
LF:27
LH:24
BRDA:11,0,0,0
BRDA:11,0,1,5
BRDA:23,1,0,0
BRDA:23,1,1,2
BRDA:28,2,0,1
BRDA:28,2,1,1
BRDA:28,3,0,2
BRDA:28,3,1,1
BRDA:32,4,0,0
BRDA:32,4,1,1
BRDA:40,5,0,0
BRDA:40,5,1,2
BRDA:48,6,0,1
BRDA:48,6,1,1
BRF:14
BRH:10
end_of_record
TN:
SF:src/services/NotificationService.js
FN:5,(anonymous_0)
FN:12,(anonymous_1)
FN:26,(anonymous_2)
FN:31,(anonymous_3)
FN:55,(anonymous_4)
FN:80,(anonymous_5)
FN:103,(anonymous_6)
FNF:7
FNH:0
FNDA:0,(anonymous_0)
FNDA:0,(anonymous_1)
FNDA:0,(anonymous_2)
FNDA:0,(anonymous_3)
FNDA:0,(anonymous_4)
FNDA:0,(anonymous_5)
FNDA:0,(anonymous_6)
DA:4,0
DA:5,0
DA:12,0
DA:13,0
DA:14,0
DA:15,0
DA:16,0
DA:17,0
DA:18,0
DA:22,0
DA:26,0
DA:27,0
DA:28,0
DA:31,0
DA:32,0
DA:33,0
DA:34,0
DA:35,0
DA:36,0
DA:38,0
DA:39,0
DA:41,0
DA:51,0
DA:55,0
DA:56,0
DA:57,0
DA:58,0
DA:59,0
DA:60,0
DA:63,0
DA:64,0
DA:65,0
DA:67,0
DA:76,0
DA:80,0
DA:81,0
DA:82,0
DA:83,0
DA:84,0
DA:85,0
DA:87,0
DA:88,0
DA:99,0
DA:103,0
DA:104,0
DA:105,0
DA:107,0
LF:47
LH:0
BRDA:15,0,0,0
BRDA:15,0,1,0
BRDA:17,1,0,0
BRDA:17,1,1,0
BRDA:34,2,0,0
BRDA:34,2,1,0
BRDA:36,3,0,0
BRDA:36,3,1,0
BRDA:58,4,0,0
BRDA:58,4,1,0
BRDA:60,5,0,0
BRDA:60,5,1,0
BRDA:83,6,0,0
BRDA:83,6,1,0
BRDA:85,7,0,0
BRDA:85,7,1,0
BRDA:87,8,0,0
BRDA:87,8,1,0
BRF:18
BRH:0
end_of_record
TN:
SF:src/services/OfflineStorage.js
FN:8,(anonymous_0)
FN:22,(anonymous_1)
FN:34,(anonymous_2)
FN:49,(anonymous_3)
FN:63,(anonymous_4)
FN:74,(anonymous_5)
FN:88,(anonymous_6)
FN:129,(anonymous_7)
FN:141,(anonymous_8)
FN:163,(anonymous_9)
FN:166,(anonymous_10)
FNF:11
FNH:10
FNDA:8,(anonymous_0)
FNDA:6,(anonymous_1)
FNDA:8,(anonymous_2)
FNDA:8,(anonymous_3)
FNDA:6,(anonymous_4)
FNDA:1,(anonymous_5)
FNDA:2,(anonymous_6)
FNDA:3,(anonymous_7)
FNDA:2,(anonymous_8)
FNDA:1,(anonymous_9)
FNDA:0,(anonymous_10)
DA:5,1
DA:8,1
DA:9,8
DA:10,8
DA:14,8
DA:16,0
DA:17,0
DA:22,1
DA:23,6
DA:24,6
DA:25,6
DA:26,6
DA:28,0
DA:29,0
DA:34,1
DA:35,8
DA:36,8
DA:37,8
DA:38,8
DA:39,7
DA:41,0
DA:43,1
DA:44,1
DA:49,1
DA:50,8
DA:51,8
DA:52,8
DA:53,6
DA:55,2
DA:57,0
DA:58,0
DA:63,1
DA:64,6
DA:65,6
DA:66,6
DA:68,0
DA:69,0
DA:74,1
DA:75,1
DA:76,1
DA:77,1
DA:81,1
DA:83,0
DA:88,1
DA:89,2
DA:90,2
DA:91,2
DA:93,1
DA:94,1
DA:97,1
DA:98,2
DA:100,2
DA:103,1
DA:106,1
DA:109,0
DA:112,0
DA:115,0
DA:117,0
DA:122,1
DA:124,0
DA:129,1
DA:130,3
DA:131,3
DA:136,0
DA:141,1
DA:142,2
DA:143,2
DA:144,2
DA:146,2
DA:148,1
DA:149,1
DA:150,1
DA:151,1
DA:155,1
DA:157,0
DA:158,0
DA:163,1
DA:164,1
DA:166,1
DA:167,0
DA:168,0
DA:173,1
DA:174,1
DA:175,1
DA:178,0
DA:182,1
LF:86
LH:65
BRDA:37,0,0,8
BRDA:37,0,1,0
BRDA:52,1,0,6
BRDA:52,1,1,2
BRDA:66,2,0,6
BRDA:66,2,1,5
BRDA:76,3,0,1
BRDA:76,3,1,1
BRDA:90,4,0,2
BRDA:90,4,1,1
BRDA:91,5,0,1
BRDA:91,5,1,1
BRDA:94,6,0,0
BRDA:94,6,1,1
BRDA:100,7,0,1
BRDA:100,7,1,1
BRDA:100,7,2,0
BRDA:100,7,3,0
BRDA:146,8,0,1
BRDA:146,8,1,1
BRDA:146,9,0,2
BRDA:146,9,1,2
BRDA:149,10,0,1
BRDA:149,10,1,0
BRDA:155,11,0,1
BRDA:155,11,1,0
BRDA:167,12,0,0
BRDA:167,12,1,0
BRDA:167,13,0,0
BRDA:167,13,1,0
BRDA:174,14,0,1
BRDA:174,14,1,0
BRF:32
BRH:21
end_of_record
